TN:
SF:server.js
FN:16,(anonymous_0)
FN:17,(anonymous_1)
FN:20,(anonymous_2)
FN:21,(anonymous_3)
FN:24,(anonymous_4)
FN:25,(anonymous_5)
FN:28,(anonymous_6)
FN:29,(anonymous_7)
FN:32,(anonymous_8)
FN:35,(anonymous_9)
FN:38,(anonymous_10)
FN:41,(anonymous_11)
FN:44,(anonymous_12)
FN:45,(anonymous_13)
FN:48,(anonymous_14)
FN:49,(anonymous_15)
FN:52,(anonymous_16)
FN:53,(anonymous_17)
FN:56,(anonymous_18)
FN:57,(anonymous_19)
FN:60,(anonymous_20)
FN:63,(anonymous_21)
FN:66,(anonymous_22)
FN:67,(anonymous_23)
FN:70,(anonymous_24)
FN:71,(anonymous_25)
FN:74,(anonymous_26)
FN:75,(anonymous_27)
FN:78,(anonymous_28)
FN:79,(anonymous_29)
FN:82,(anonymous_30)
FN:83,(anonymous_31)
FNF:32
FNH:32
FNDA:2,(anonymous_0)
FNDA:2,(anonymous_1)
FNDA:2,(anonymous_2)
FNDA:2,(anonymous_3)
FNDA:1,(anonymous_4)
FNDA:1,(anonymous_5)
FNDA:2,(anonymous_6)
FNDA:2,(anonymous_7)
FNDA:3,(anonymous_8)
FNDA:3,(anonymous_9)
FNDA:3,(anonymous_10)
FNDA:3,(anonymous_11)
FNDA:2,(anonymous_12)
FNDA:2,(anonymous_13)
FNDA:2,(anonymous_14)
FNDA:2,(anonymous_15)
FNDA:2,(anonymous_16)
FNDA:2,(anonymous_17)
FNDA:2,(anonymous_18)
FNDA:2,(anonymous_19)
FNDA:4,(anonymous_20)
FNDA:4,(anonymous_21)
FNDA:2,(anonymous_22)
FNDA:2,(anonymous_23)
FNDA:2,(anonymous_24)
FNDA:2,(anonymous_25)
FNDA:2,(anonymous_26)
FNDA:2,(anonymous_27)
FNDA:2,(anonymous_28)
FNDA:2,(anonymous_29)
FNDA:3,(anonymous_30)
FNDA:3,(anonymous_31)
DA:2,5
DA:3,5
DA:5,5
DA:6,5
DA:7,5
DA:8,5
DA:9,5
DA:11,5
DA:13,5
DA:14,5
DA:16,5
DA:17,2
DA:20,5
DA:21,2
DA:24,5
DA:25,1
DA:28,5
DA:29,2
DA:32,5
DA:33,3
DA:35,3
DA:38,5
DA:39,3
DA:41,3
DA:44,5
DA:45,2
DA:48,5
DA:49,2
DA:52,5
DA:53,2
DA:56,5
DA:57,2
DA:60,5
DA:61,4
DA:63,4
DA:66,5
DA:67,2
DA:70,5
DA:71,2
DA:74,5
DA:75,2
DA:78,5
DA:79,2
DA:82,5
DA:83,3
DA:86,5
LF:46
LH:46
BRF:0
BRH:0
end_of_record
TN:
SF:config\db.config.js
FN:8,(anonymous_0)
FNF:1
FNH:1
FNDA:25,(anonymous_0)
DA:4,5
DA:6,5
DA:8,5
DA:9,25
DA:10,25
DA:11,25
DA:12,25
DA:13,25
DA:15,25
DA:30,25
DA:31,25
DA:32,25
DA:33,25
DA:34,25
DA:35,25
DA:36,25
DA:37,25
DA:38,25
DA:40,25
DA:43,5
LF:20
LH:20
BRDA:6,0,0,5
BRDA:6,0,1,5
BRF:2
BRH:2
end_of_record
TN:
SF:controller\recommendation.controller.js
FN:5,(anonymous_0)
FN:13,(anonymous_1)
FNF:2
FNH:2
FNDA:2,(anonymous_0)
FNDA:3,(anonymous_1)
DA:1,5
DA:2,5
DA:6,2
DA:10,2
DA:14,3
DA:15,3
DA:19,5
LF:7
LH:7
BRF:0
BRH:0
end_of_record
TN:
SF:controller\review.controller.js
FN:5,(anonymous_0)
FN:10,(anonymous_1)
FNF:2
FNH:2
FNDA:2,(anonymous_0)
FNDA:2,(anonymous_1)
DA:1,5
DA:2,5
DA:6,2
DA:7,2
DA:11,2
DA:12,2
DA:16,5
LF:7
LH:7
BRF:0
BRH:0
end_of_record
TN:
SF:controller\title.controller.js
FN:5,(anonymous_0)
FN:10,(anonymous_1)
FN:15,(anonymous_2)
FNF:3
FNH:3
FNDA:4,(anonymous_0)
FNDA:3,(anonymous_1)
FNDA:3,(anonymous_2)
DA:1,5
DA:2,5
DA:6,4
DA:7,4
DA:11,3
DA:12,3
DA:16,3
DA:17,3
DA:21,5
LF:9
LH:9
BRF:0
BRH:0
end_of_record
TN:
SF:controller\user.controller.js
FN:5,(anonymous_0)
FN:10,(anonymous_1)
FN:15,(anonymous_2)
FN:20,(anonymous_3)
FNF:4
FNH:4
FNDA:2,(anonymous_0)
FNDA:2,(anonymous_1)
FNDA:1,(anonymous_2)
FNDA:2,(anonymous_3)
DA:1,5
DA:2,5
DA:6,2
DA:7,2
DA:11,2
DA:12,2
DA:16,1
DA:17,1
DA:21,2
DA:22,2
DA:26,5
LF:11
LH:11
BRF:0
BRH:0
end_of_record
TN:
SF:controller\watchlist.controller.js
FN:5,(anonymous_0)
FN:10,(anonymous_1)
FN:15,(anonymous_2)
FN:20,(anonymous_3)
FNF:4
FNH:4
FNDA:2,(anonymous_0)
FNDA:2,(anonymous_1)
FNDA:2,(anonymous_2)
FNDA:4,(anonymous_3)
DA:1,5
DA:2,5
DA:6,2
DA:7,2
DA:11,2
DA:12,2
DA:16,2
DA:17,2
DA:21,4
DA:22,4
DA:26,5
LF:11
LH:11
BRF:0
BRH:0
end_of_record
TN:
SF:logger\api.logger.js
FN:11,(anonymous_0)
FN:15,(anonymous_1)
FNF:2
FNH:2
FNDA:36,(anonymous_0)
FNDA:15,(anonymous_1)
DA:1,5
DA:3,5
DA:4,5
DA:8,5
DA:12,36
DA:16,15
DA:20,5
LF:7
LH:7
BRDA:12,0,0,36
BRDA:12,0,1,0
BRF:2
BRH:1
end_of_record
TN:
SF:model\recommendation.model.js
FN:2,(anonymous_0)
FNF:1
FNH:1
FNDA:25,(anonymous_0)
DA:2,5
DA:3,25
DA:4,25
DA:8,25
DA:13,25
DA:14,25
DA:15,25
DA:17,25
LF:8
LH:8
BRF:0
BRH:0
end_of_record
TN:
SF:model\review.model.js
FN:2,(anonymous_0)
FNF:1
FNH:1
FNDA:25,(anonymous_0)
DA:2,5
DA:3,25
DA:4,25
DA:8,25
DA:25,25
DA:26,25
DA:28,25
LF:7
LH:7
BRF:0
BRH:0
end_of_record
TN:
SF:model\title.model.js
FN:1,(anonymous_0)
FNF:1
FNH:1
FNDA:100,(anonymous_0)
DA:1,5
DA:4,100
DA:58,100
LF:3
LH:3
BRF:0
BRH:0
end_of_record
TN:
SF:model\user.model.js
FN:1,(anonymous_0)
FNF:1
FNH:1
FNDA:100,(anonymous_0)
DA:1,5
DA:4,100
DA:26,100
LF:3
LH:3
BRF:0
BRH:0
end_of_record
TN:
SF:model\watchlist.model.js
FN:2,(anonymous_0)
FNF:1
FNH:1
FNDA:25,(anonymous_0)
DA:2,5
DA:3,25
DA:4,25
DA:8,25
DA:22,25
DA:23,25
DA:25,25
LF:7
LH:7
BRF:0
BRH:0
end_of_record
TN:
SF:repository\recommendation.repository.js
FN:7,(anonymous_0)
FN:11,(anonymous_1)
FN:23,(anonymous_2)
FNF:3
FNH:3
FNDA:5,(anonymous_0)
FNDA:2,(anonymous_1)
FNDA:3,(anonymous_2)
DA:1,5
DA:2,5
DA:5,5
DA:8,5
DA:12,2
DA:14,2
DA:15,2
DA:17,1
DA:20,2
DA:24,3
DA:25,3
DA:45,2
DA:47,1
DA:48,1
DA:53,5
LF:15
LH:15
BRF:0
BRH:0
end_of_record
TN:
SF:repository\review.repository.js
FN:7,(anonymous_0)
FN:11,(anonymous_1)
FN:23,(anonymous_2)
FNF:3
FNH:3
FNDA:5,(anonymous_0)
FNDA:2,(anonymous_1)
FNDA:2,(anonymous_2)
DA:1,5
DA:2,5
DA:5,5
DA:8,5
DA:12,2
DA:14,2
DA:15,2
DA:17,1
DA:20,2
DA:24,2
DA:25,2
DA:36,1
DA:38,1
DA:39,1
DA:44,5
LF:15
LH:15
BRF:0
BRH:0
end_of_record
TN:
SF:repository\title.repository.js
FN:7,(anonymous_0)
FN:11,(anonymous_1)
FN:16,(anonymous_2)
FN:32,(anonymous_3)
FN:54,(anonymous_4)
FNF:5
FNH:5
FNDA:5,(anonymous_0)
FNDA:2,(anonymous_1)
FNDA:2,(anonymous_2)
FNDA:3,(anonymous_3)
FNDA:3,(anonymous_4)
DA:1,5
DA:2,5
DA:5,5
DA:8,5
DA:12,2
DA:13,2
DA:17,2
DA:18,2
DA:25,1
DA:27,1
DA:28,1
DA:34,3
DA:35,2
DA:36,2
DA:43,1
DA:45,1
DA:46,1
DA:49,1
DA:50,1
DA:56,3
DA:57,2
DA:58,2
DA:71,1
DA:73,1
DA:74,1
DA:77,1
DA:78,1
DA:83,5
LF:28
LH:28
BRDA:34,0,0,2
BRDA:34,0,1,1
BRDA:56,1,0,2
BRDA:56,1,1,1
BRF:4
BRH:4
end_of_record
TN:
SF:repository\user.repository.js
FN:7,(anonymous_0)
FN:11,(anonymous_1)
FN:16,(anonymous_2)
FN:21,(anonymous_3)
FNF:4
FNH:4
FNDA:5,(anonymous_0)
FNDA:2,(anonymous_1)
FNDA:3,(anonymous_2)
FNDA:6,(anonymous_3)
DA:1,5
DA:2,5
DA:5,5
DA:8,5
DA:12,2
DA:13,2
DA:17,3
DA:18,3
DA:22,6
DA:24,6
DA:25,6
DA:27,1
DA:30,6
DA:34,5
LF:14
LH:14
BRF:0
BRH:0
end_of_record
TN:
SF:repository\watchlist.repository.js
FN:7,(anonymous_0)
FN:11,(anonymous_1)
FN:23,(anonymous_2)
FN:35,(anonymous_3)
FN:43,(anonymous_4)
FNF:5
FNH:5
FNDA:5,(anonymous_0)
FNDA:2,(anonymous_1)
FNDA:2,(anonymous_2)
FNDA:2,(anonymous_3)
FNDA:4,(anonymous_4)
DA:1,5
DA:2,5
DA:5,5
DA:8,5
DA:12,2
DA:14,2
DA:15,2
DA:17,1
DA:20,2
DA:24,2
DA:26,2
DA:27,2
DA:29,1
DA:32,2
DA:36,2
DA:37,2
DA:39,1
DA:44,4
DA:45,3
DA:47,3
DA:48,1
DA:51,3
DA:52,3
DA:81,2
DA:83,1
DA:84,1
DA:87,1
DA:88,1
DA:93,5
LF:29
LH:29
BRDA:44,0,0,3
BRDA:44,0,1,1
BRDA:47,1,0,1
BRDA:47,1,1,2
BRDA:47,2,0,3
BRDA:47,2,1,3
BRDA:47,2,2,3
BRF:7
BRH:7
end_of_record
TN:
SF:service\recommendation.service.js
FN:4,(anonymous_0)
FN:8,(anonymous_1)
FN:13,(anonymous_2)
FNF:3
FNH:3
FNDA:2,(anonymous_0)
FNDA:3,(anonymous_1)
FNDA:2,(anonymous_2)
DA:1,5
DA:5,2
DA:9,3
DA:12,3
DA:13,3
DA:22,3
DA:26,5
LF:7
LH:7
BRDA:12,0,0,3
BRDA:12,0,1,0
BRF:2
BRH:1
end_of_record
TN:
SF:service\review.service.js
FN:4,(anonymous_0)
FN:8,(anonymous_1)
FN:13,(anonymous_2)
FNF:3
FNH:3
FNDA:2,(anonymous_0)
FNDA:2,(anonymous_1)
FNDA:1,(anonymous_2)
DA:1,5
DA:5,2
DA:9,2
DA:12,2
DA:13,2
DA:19,2
DA:23,5
LF:7
LH:7
BRDA:12,0,0,2
BRDA:12,0,1,0
BRF:2
BRH:1
end_of_record
TN:
SF:service\title.service.js
FN:4,(anonymous_0)
FN:31,(anonymous_1)
FN:35,(anonymous_2)
FN:43,(anonymous_3)
FN:47,(anonymous_4)
FNF:5
FNH:5
FNDA:4,(anonymous_0)
FNDA:3,(anonymous_1)
FNDA:50,(anonymous_2)
FNDA:3,(anonymous_3)
FNDA:50,(anonymous_4)
DA:1,5
DA:7,4
DA:8,2
DA:10,2
DA:13,4
DA:14,4
DA:17,4
DA:18,3
DA:19,3
DA:21,3
DA:22,1
DA:23,2
DA:24,2
DA:28,4
DA:32,3
DA:34,3
DA:35,3
DA:36,50
DA:40,3
DA:44,3
DA:46,3
DA:47,3
DA:48,50
DA:52,3
DA:56,5
LF:25
LH:25
BRDA:7,0,0,2
BRDA:7,0,1,2
BRDA:7,1,0,4
BRDA:7,1,1,2
BRDA:17,2,0,3
BRDA:17,2,1,1
BRDA:18,3,0,3
BRDA:18,3,1,0
BRDA:18,4,0,3
BRDA:18,4,1,3
BRDA:21,5,0,1
BRDA:21,5,1,2
BRDA:23,6,0,2
BRDA:23,6,1,0
BRDA:23,7,0,2
BRDA:23,7,1,2
BRDA:34,8,0,3
BRDA:34,8,1,0
BRDA:46,9,0,3
BRDA:46,9,1,0
BRF:20
BRH:16
end_of_record
TN:
SF:service\user.service.js
FN:4,(anonymous_0)
FN:10,(anonymous_1)
FN:20,(anonymous_2)
FN:42,(anonymous_3)
FNF:4
FNH:4
FNDA:2,(anonymous_0)
FNDA:2,(anonymous_1)
FNDA:1,(anonymous_2)
FNDA:2,(anonymous_3)
DA:1,5
DA:5,2
DA:7,2
DA:11,2
DA:13,2
DA:14,2
DA:17,2
DA:21,1
DA:23,1
DA:24,1
DA:27,1
DA:28,1
DA:30,1
DA:31,1
DA:34,1
DA:35,1
DA:36,1
DA:39,1
DA:43,2
DA:47,3
DA:51,5
LF:21
LH:21
BRDA:13,0,0,2
BRDA:13,0,1,0
BRDA:23,1,0,1
BRDA:23,1,1,0
BRDA:30,2,0,1
BRDA:30,2,1,0
BRDA:35,3,0,1
BRDA:35,3,1,0
BRDA:35,4,0,1
BRDA:35,4,1,1
BRF:10
BRH:6
end_of_record
TN:
SF:service\watchlist.service.js
FN:4,(anonymous_0)
FN:8,(anonymous_1)
FN:12,(anonymous_2)
FN:16,(anonymous_3)
FN:20,(anonymous_4)
FNF:5
FNH:5
FNDA:2,(anonymous_0)
FNDA:2,(anonymous_1)
FNDA:2,(anonymous_2)
FNDA:4,(anonymous_3)
FNDA:1,(anonymous_4)
DA:1,5
DA:5,2
DA:9,2
DA:13,2
DA:17,4
DA:19,4
DA:20,4
DA:36,4
DA:40,5
LF:9
LH:9
BRDA:19,0,0,4
BRDA:19,0,1,0
BRF:2
BRH:1
end_of_record
