{"F:\\Homework\\Winter 2023\\COMP 4350\\Project\\WatchlistPlus\\api\\config\\db.config.js": {"path":"F:\\Homework\\Winter 2023\\COMP 4350\\Project\\WatchlistPlus\\api\\config\\db.config.js","statementMap":{"0":{"start":{"line":4,"column":4},"end":{"line":4,"column":24}},"1":{"start":{"line":6,"column":13},"end":{"line":6,"column":51}},"2":{"start":{"line":8,"column":16},"end":{"line":41,"column":1}},"3":{"start":{"line":9,"column":21},"end":{"line":9,"column":25}},"4":{"start":{"line":10,"column":21},"end":{"line":10,"column":31}},"5":{"start":{"line":11,"column":21},"end":{"line":11,"column":31}},"6":{"start":{"line":12,"column":21},"end":{"line":12,"column":32}},"7":{"start":{"line":13,"column":20},"end":{"line":13,"column":30}},"8":{"start":{"line":15,"column":22},"end":{"line":28,"column":6}},"9":{"start":{"line":30,"column":15},"end":{"line":30,"column":17}},"10":{"start":{"line":31,"column":4},"end":{"line":31,"column":29}},"11":{"start":{"line":32,"column":4},"end":{"line":32,"column":29}},"12":{"start":{"line":33,"column":4},"end":{"line":33,"column":25}},"13":{"start":{"line":34,"column":4},"end":{"line":34,"column":74}},"14":{"start":{"line":35,"column":4},"end":{"line":35,"column":76}},"15":{"start":{"line":36,"column":4},"end":{"line":36,"column":82}},"16":{"start":{"line":37,"column":4},"end":{"line":37,"column":78}},"17":{"start":{"line":38,"column":4},"end":{"line":38,"column":94}},"18":{"start":{"line":40,"column":4},"end":{"line":40,"column":14}},"19":{"start":{"line":43,"column":0},"end":{"line":45,"column":2}}},"fnMap":{"0":{"name":"(anonymous_0)","decl":{"start":{"line":8,"column":16},"end":{"line":8,"column":17}},"loc":{"start":{"line":8,"column":22},"end":{"line":41,"column":1}},"line":8}},"branchMap":{"0":{"loc":{"start":{"line":6,"column":13},"end":{"line":6,"column":51}},"type":"binary-expr","locations":[{"start":{"line":6,"column":13},"end":{"line":6,"column":36}},{"start":{"line":6,"column":40},"end":{"line":6,"column":51}}],"line":6}},"s":{"0":1,"1":1,"2":1,"3":1,"4":1,"5":1,"6":1,"7":1,"8":1,"9":1,"10":1,"11":1,"12":1,"13":1,"14":1,"15":1,"16":1,"17":1,"18":1,"19":1},"f":{"0":1},"b":{"0":[1,1]},"_coverageSchema":"1a1c01bbd47fc00a2c39e90264f33305004495a9","hash":"1c2899e9a2dee40a5908ed18018c69d0811ab7b3"}
,"F:\\Homework\\Winter 2023\\COMP 4350\\Project\\WatchlistPlus\\api\\logger\\api.logger.js": {"path":"F:\\Homework\\Winter 2023\\COMP 4350\\Project\\WatchlistPlus\\api\\logger\\api.logger.js","statementMap":{"0":{"start":{"line":1,"column":16},"end":{"line":1,"column":34}},"1":{"start":{"line":3,"column":25},"end":{"line":3,"column":57}},"2":{"start":{"line":4,"column":25},"end":{"line":6,"column":1}},"3":{"start":{"line":8,"column":15},"end":{"line":8,"column":57}},"4":{"start":{"line":12,"column":8},"end":{"line":12,"column":29}},"5":{"start":{"line":17,"column":8},"end":{"line":17,"column":86}},"6":{"start":{"line":21,"column":8},"end":{"line":21,"column":30}},"7":{"start":{"line":25,"column":0},"end":{"line":25,"column":33}}},"fnMap":{"0":{"name":"(anonymous_0)","decl":{"start":{"line":11,"column":4},"end":{"line":11,"column":5}},"loc":{"start":{"line":11,"column":18},"end":{"line":13,"column":5}},"line":11},"1":{"name":"(anonymous_1)","decl":{"start":{"line":16,"column":4},"end":{"line":16,"column":5}},"loc":{"start":{"line":16,"column":24},"end":{"line":18,"column":5}},"line":16},"2":{"name":"(anonymous_2)","decl":{"start":{"line":20,"column":4},"end":{"line":20,"column":5}},"loc":{"start":{"line":20,"column":19},"end":{"line":22,"column":5}},"line":20}},"branchMap":{"0":{"loc":{"start":{"line":17,"column":36},"end":{"line":17,"column":82}},"type":"cond-expr","locations":[{"start":{"line":17,"column":57},"end":{"line":17,"column":77}},{"start":{"line":17,"column":80},"end":{"line":17,"column":82}}],"line":17}},"s":{"0":2,"1":2,"2":2,"3":2,"4":0,"5":0,"6":0,"7":2},"f":{"0":0,"1":0,"2":0},"b":{"0":[0,0]},"_coverageSchema":"1a1c01bbd47fc00a2c39e90264f33305004495a9","hash":"15b8ef6db2b7987b05212701ad0513e5d8723260"}
,"F:\\Homework\\Winter 2023\\COMP 4350\\Project\\WatchlistPlus\\api\\model\\recommendation.model.js": {"path":"F:\\Homework\\Winter 2023\\COMP 4350\\Project\\WatchlistPlus\\api\\model\\recommendation.model.js","statementMap":{"0":{"start":{"line":2,"column":0},"end":{"line":18,"column":2}},"1":{"start":{"line":3,"column":18},"end":{"line":3,"column":71}},"2":{"start":{"line":4,"column":17},"end":{"line":4,"column":69}},"3":{"start":{"line":8,"column":4},"end":{"line":11,"column":7}},"4":{"start":{"line":13,"column":4},"end":{"line":13,"column":54}},"5":{"start":{"line":14,"column":4},"end":{"line":14,"column":54}},"6":{"start":{"line":15,"column":4},"end":{"line":15,"column":35}},"7":{"start":{"line":17,"column":4},"end":{"line":17,"column":26}}},"fnMap":{"0":{"name":"(anonymous_0)","decl":{"start":{"line":2,"column":17},"end":{"line":2,"column":18}},"loc":{"start":{"line":2,"column":50},"end":{"line":18,"column":1}},"line":2}},"branchMap":{},"s":{"0":1,"1":1,"2":1,"3":1,"4":1,"5":1,"6":1,"7":1},"f":{"0":1},"b":{},"_coverageSchema":"1a1c01bbd47fc00a2c39e90264f33305004495a9","hash":"05049fe106e7aa30cf63d7b2a7536b93306d3732"}
,"F:\\Homework\\Winter 2023\\COMP 4350\\Project\\WatchlistPlus\\api\\model\\review.model.js": {"path":"F:\\Homework\\Winter 2023\\COMP 4350\\Project\\WatchlistPlus\\api\\model\\review.model.js","statementMap":{"0":{"start":{"line":2,"column":0},"end":{"line":29,"column":2}},"1":{"start":{"line":3,"column":18},"end":{"line":3,"column":71}},"2":{"start":{"line":4,"column":17},"end":{"line":4,"column":69}},"3":{"start":{"line":8,"column":4},"end":{"line":23,"column":7}},"4":{"start":{"line":25,"column":4},"end":{"line":25,"column":28}},"5":{"start":{"line":26,"column":4},"end":{"line":26,"column":27}},"6":{"start":{"line":28,"column":4},"end":{"line":28,"column":18}}},"fnMap":{"0":{"name":"(anonymous_0)","decl":{"start":{"line":2,"column":17},"end":{"line":2,"column":18}},"loc":{"start":{"line":2,"column":50},"end":{"line":29,"column":1}},"line":2}},"branchMap":{},"s":{"0":1,"1":1,"2":1,"3":1,"4":1,"5":1,"6":1},"f":{"0":1},"b":{},"_coverageSchema":"1a1c01bbd47fc00a2c39e90264f33305004495a9","hash":"7a00c24818135f3a048533cbc6710cb0092075aa"}
,"F:\\Homework\\Winter 2023\\COMP 4350\\Project\\WatchlistPlus\\api\\model\\title.model.js": {"path":"F:\\Homework\\Winter 2023\\COMP 4350\\Project\\WatchlistPlus\\api\\model\\title.model.js","statementMap":{"0":{"start":{"line":1,"column":0},"end":{"line":59,"column":2}},"1":{"start":{"line":4,"column":4},"end":{"line":56,"column":7}},"2":{"start":{"line":58,"column":4},"end":{"line":58,"column":17}}},"fnMap":{"0":{"name":"(anonymous_0)","decl":{"start":{"line":1,"column":17},"end":{"line":1,"column":18}},"loc":{"start":{"line":1,"column":50},"end":{"line":59,"column":1}},"line":1}},"branchMap":{},"s":{"0":1,"1":4,"2":4},"f":{"0":4},"b":{},"_coverageSchema":"1a1c01bbd47fc00a2c39e90264f33305004495a9","hash":"f552b36411c1f2c5bb6ed6421a224c9640546a4f"}
,"F:\\Homework\\Winter 2023\\COMP 4350\\Project\\WatchlistPlus\\api\\model\\user.model.js": {"path":"F:\\Homework\\Winter 2023\\COMP 4350\\Project\\WatchlistPlus\\api\\model\\user.model.js","statementMap":{"0":{"start":{"line":1,"column":0},"end":{"line":27,"column":2}},"1":{"start":{"line":4,"column":4},"end":{"line":24,"column":7}},"2":{"start":{"line":26,"column":4},"end":{"line":26,"column":16}}},"fnMap":{"0":{"name":"(anonymous_0)","decl":{"start":{"line":1,"column":17},"end":{"line":1,"column":18}},"loc":{"start":{"line":1,"column":50},"end":{"line":27,"column":1}},"line":1}},"branchMap":{},"s":{"0":1,"1":4,"2":4},"f":{"0":4},"b":{},"_coverageSchema":"1a1c01bbd47fc00a2c39e90264f33305004495a9","hash":"7856143e962e36a0ab234307f23fee29e91abc12"}
,"F:\\Homework\\Winter 2023\\COMP 4350\\Project\\WatchlistPlus\\api\\model\\watchlist.model.js": {"path":"F:\\Homework\\Winter 2023\\COMP 4350\\Project\\WatchlistPlus\\api\\model\\watchlist.model.js","statementMap":{"0":{"start":{"line":2,"column":0},"end":{"line":26,"column":2}},"1":{"start":{"line":3,"column":18},"end":{"line":3,"column":71}},"2":{"start":{"line":4,"column":17},"end":{"line":4,"column":69}},"3":{"start":{"line":8,"column":4},"end":{"line":20,"column":7}},"4":{"start":{"line":22,"column":4},"end":{"line":22,"column":29}},"5":{"start":{"line":23,"column":4},"end":{"line":23,"column":28}},"6":{"start":{"line":25,"column":4},"end":{"line":25,"column":19}}},"fnMap":{"0":{"name":"(anonymous_0)","decl":{"start":{"line":2,"column":17},"end":{"line":2,"column":18}},"loc":{"start":{"line":2,"column":50},"end":{"line":26,"column":1}},"line":2}},"branchMap":{},"s":{"0":1,"1":1,"2":1,"3":1,"4":1,"5":1,"6":1},"f":{"0":1},"b":{},"_coverageSchema":"1a1c01bbd47fc00a2c39e90264f33305004495a9","hash":"92b965d57e8e2c3ba539a3e1f6875aa535a41688"}
,"F:\\Homework\\Winter 2023\\COMP 4350\\Project\\WatchlistPlus\\api\\repository\\title.repository.js": {"path":"F:\\Homework\\Winter 2023\\COMP 4350\\Project\\WatchlistPlus\\api\\repository\\title.repository.js","statementMap":{"0":{"start":{"line":1,"column":20},"end":{"line":1,"column":50}},"1":{"start":{"line":2,"column":15},"end":{"line":2,"column":46}},"2":{"start":{"line":5,"column":9},"end":{"line":5,"column":11}},"3":{"start":{"line":8,"column":8},"end":{"line":8,"column":28}},"4":{"start":{"line":12,"column":8},"end":{"line":18,"column":9}},"5":{"start":{"line":13,"column":27},"end":{"line":13,"column":107}},"6":{"start":{"line":14,"column":12},"end":{"line":14,"column":26}},"7":{"start":{"line":16,"column":12},"end":{"line":16,"column":42}},"8":{"start":{"line":17,"column":12},"end":{"line":17,"column":29}},"9":{"start":{"line":22,"column":8},"end":{"line":34,"column":9}},"10":{"start":{"line":23,"column":27},"end":{"line":29,"column":14}},"11":{"start":{"line":30,"column":12},"end":{"line":30,"column":28}},"12":{"start":{"line":32,"column":12},"end":{"line":32,"column":42}},"13":{"start":{"line":33,"column":12},"end":{"line":33,"column":29}},"14":{"start":{"line":39,"column":8},"end":{"line":56,"column":9}},"15":{"start":{"line":40,"column":12},"end":{"line":52,"column":13}},"16":{"start":{"line":41,"column":31},"end":{"line":47,"column":17}},"17":{"start":{"line":48,"column":16},"end":{"line":48,"column":30}},"18":{"start":{"line":50,"column":16},"end":{"line":50,"column":46}},"19":{"start":{"line":51,"column":16},"end":{"line":51,"column":26}},"20":{"start":{"line":54,"column":12},"end":{"line":54,"column":75}},"21":{"start":{"line":55,"column":12},"end":{"line":55,"column":22}},"22":{"start":{"line":61,"column":8},"end":{"line":84,"column":9}},"23":{"start":{"line":62,"column":12},"end":{"line":80,"column":13}},"24":{"start":{"line":63,"column":31},"end":{"line":75,"column":17}},"25":{"start":{"line":76,"column":16},"end":{"line":76,"column":30}},"26":{"start":{"line":78,"column":16},"end":{"line":78,"column":46}},"27":{"start":{"line":79,"column":16},"end":{"line":79,"column":26}},"28":{"start":{"line":82,"column":12},"end":{"line":82,"column":75}},"29":{"start":{"line":83,"column":12},"end":{"line":83,"column":22}},"30":{"start":{"line":88,"column":0},"end":{"line":88,"column":39}}},"fnMap":{"0":{"name":"(anonymous_0)","decl":{"start":{"line":7,"column":4},"end":{"line":7,"column":5}},"loc":{"start":{"line":7,"column":18},"end":{"line":9,"column":5}},"line":7},"1":{"name":"(anonymous_1)","decl":{"start":{"line":11,"column":4},"end":{"line":11,"column":5}},"loc":{"start":{"line":11,"column":34},"end":{"line":19,"column":5}},"line":11},"2":{"name":"(anonymous_2)","decl":{"start":{"line":21,"column":4},"end":{"line":21,"column":5}},"loc":{"start":{"line":21,"column":50},"end":{"line":35,"column":5}},"line":21},"3":{"name":"(anonymous_3)","decl":{"start":{"line":37,"column":4},"end":{"line":37,"column":5}},"loc":{"start":{"line":37,"column":67},"end":{"line":57,"column":5}},"line":37},"4":{"name":"(anonymous_4)","decl":{"start":{"line":59,"column":4},"end":{"line":59,"column":5}},"loc":{"start":{"line":59,"column":86},"end":{"line":85,"column":5}},"line":59}},"branchMap":{"0":{"loc":{"start":{"line":39,"column":8},"end":{"line":56,"column":9}},"type":"if","locations":[{"start":{"line":39,"column":8},"end":{"line":56,"column":9}},{"start":{"line":53,"column":15},"end":{"line":56,"column":9}}],"line":39},"1":{"loc":{"start":{"line":61,"column":8},"end":{"line":84,"column":9}},"type":"if","locations":[{"start":{"line":61,"column":8},"end":{"line":84,"column":9}},{"start":{"line":81,"column":15},"end":{"line":84,"column":9}}],"line":61}},"s":{"0":1,"1":1,"2":1,"3":1,"4":0,"5":0,"6":0,"7":0,"8":0,"9":0,"10":0,"11":0,"12":0,"13":0,"14":2,"15":1,"16":1,"17":1,"18":0,"19":0,"20":1,"21":1,"22":0,"23":0,"24":0,"25":0,"26":0,"27":0,"28":0,"29":0,"30":1},"f":{"0":1,"1":0,"2":0,"3":2,"4":0},"b":{"0":[1,1],"1":[0,0]},"_coverageSchema":"1a1c01bbd47fc00a2c39e90264f33305004495a9","hash":"d2d5d2322c1507814b3a18e5eb33190c411174e7"}
,"F:\\Homework\\Winter 2023\\COMP 4350\\Project\\WatchlistPlus\\api\\repository\\user.repository.js": {"path":"F:\\Homework\\Winter 2023\\COMP 4350\\Project\\WatchlistPlus\\api\\repository\\user.repository.js","statementMap":{"0":{"start":{"line":1,"column":20},"end":{"line":1,"column":50}},"1":{"start":{"line":2,"column":15},"end":{"line":2,"column":46}},"2":{"start":{"line":5,"column":9},"end":{"line":5,"column":11}},"3":{"start":{"line":8,"column":8},"end":{"line":8,"column":28}},"4":{"start":{"line":12,"column":8},"end":{"line":18,"column":9}},"5":{"start":{"line":13,"column":25},"end":{"line":13,"column":76}},"6":{"start":{"line":14,"column":12},"end":{"line":14,"column":24}},"7":{"start":{"line":16,"column":12},"end":{"line":16,"column":42}},"8":{"start":{"line":17,"column":12},"end":{"line":17,"column":22}},"9":{"start":{"line":22,"column":8},"end":{"line":28,"column":9}},"10":{"start":{"line":23,"column":25},"end":{"line":23,"column":73}},"11":{"start":{"line":24,"column":12},"end":{"line":24,"column":24}},"12":{"start":{"line":26,"column":12},"end":{"line":26,"column":42}},"13":{"start":{"line":27,"column":12},"end":{"line":27,"column":22}},"14":{"start":{"line":32,"column":19},"end":{"line":32,"column":21}},"15":{"start":{"line":34,"column":8},"end":{"line":38,"column":9}},"16":{"start":{"line":35,"column":12},"end":{"line":35,"column":51}},"17":{"start":{"line":37,"column":12},"end":{"line":37,"column":42}},"18":{"start":{"line":40,"column":8},"end":{"line":40,"column":20}},"19":{"start":{"line":44,"column":0},"end":{"line":44,"column":38}}},"fnMap":{"0":{"name":"(anonymous_0)","decl":{"start":{"line":7,"column":4},"end":{"line":7,"column":5}},"loc":{"start":{"line":7,"column":18},"end":{"line":9,"column":5}},"line":7},"1":{"name":"(anonymous_1)","decl":{"start":{"line":11,"column":4},"end":{"line":11,"column":5}},"loc":{"start":{"line":11,"column":38},"end":{"line":19,"column":5}},"line":11},"2":{"name":"(anonymous_2)","decl":{"start":{"line":21,"column":4},"end":{"line":21,"column":5}},"loc":{"start":{"line":21,"column":32},"end":{"line":29,"column":5}},"line":21},"3":{"name":"(anonymous_3)","decl":{"start":{"line":31,"column":4},"end":{"line":31,"column":5}},"loc":{"start":{"line":31,"column":27},"end":{"line":41,"column":5}},"line":31}},"branchMap":{},"s":{"0":1,"1":1,"2":1,"3":1,"4":0,"5":0,"6":0,"7":0,"8":0,"9":0,"10":0,"11":0,"12":0,"13":0,"14":0,"15":0,"16":0,"17":0,"18":0,"19":1},"f":{"0":1,"1":0,"2":0,"3":0},"b":{},"_coverageSchema":"1a1c01bbd47fc00a2c39e90264f33305004495a9","hash":"d6c370d4e480d13193733e94c1c14bd65eb22dac"}
,"F:\\Homework\\Winter 2023\\COMP 4350\\Project\\WatchlistPlus\\api\\service\\user.service.js": {"path":"F:\\Homework\\Winter 2023\\COMP 4350\\Project\\WatchlistPlus\\api\\service\\user.service.js","statementMap":{"0":{"start":{"line":1,"column":23},"end":{"line":1,"column":63}},"1":{"start":{"line":5,"column":27},"end":{"line":5,"column":75}},"2":{"start":{"line":7,"column":8},"end":{"line":7,"column":55}},"3":{"start":{"line":11,"column":25},"end":{"line":11,"column":29}},"4":{"start":{"line":13,"column":8},"end":{"line":15,"column":9}},"5":{"start":{"line":14,"column":12},"end":{"line":14,"column":68}},"6":{"start":{"line":17,"column":8},"end":{"line":17,"column":52}},"7":{"start":{"line":21,"column":25},"end":{"line":21,"column":29}},"8":{"start":{"line":23,"column":8},"end":{"line":25,"column":9}},"9":{"start":{"line":24,"column":12},"end":{"line":24,"column":68}},"10":{"start":{"line":27,"column":28},"end":{"line":27,"column":47}},"11":{"start":{"line":28,"column":29},"end":{"line":28,"column":33}},"12":{"start":{"line":30,"column":8},"end":{"line":32,"column":9}},"13":{"start":{"line":31,"column":12},"end":{"line":31,"column":64}},"14":{"start":{"line":34,"column":19},"end":{"line":34,"column":23}},"15":{"start":{"line":35,"column":8},"end":{"line":37,"column":9}},"16":{"start":{"line":36,"column":12},"end":{"line":36,"column":72}},"17":{"start":{"line":39,"column":8},"end":{"line":39,"column":52}},"18":{"start":{"line":43,"column":8},"end":{"line":43,"column":47}},"19":{"start":{"line":47,"column":8},"end":{"line":47,"column":50}},"20":{"start":{"line":51,"column":0},"end":{"line":51,"column":35}}},"fnMap":{"0":{"name":"(anonymous_0)","decl":{"start":{"line":4,"column":4},"end":{"line":4,"column":5}},"loc":{"start":{"line":4,"column":35},"end":{"line":8,"column":5}},"line":4},"1":{"name":"(anonymous_1)","decl":{"start":{"line":10,"column":4},"end":{"line":10,"column":5}},"loc":{"start":{"line":10,"column":29},"end":{"line":18,"column":5}},"line":10},"2":{"name":"(anonymous_2)","decl":{"start":{"line":20,"column":4},"end":{"line":20,"column":5}},"loc":{"start":{"line":20,"column":38},"end":{"line":40,"column":5}},"line":20},"3":{"name":"(anonymous_3)","decl":{"start":{"line":42,"column":4},"end":{"line":42,"column":5}},"loc":{"start":{"line":42,"column":27},"end":{"line":44,"column":5}},"line":42}},"branchMap":{"0":{"loc":{"start":{"line":13,"column":8},"end":{"line":15,"column":9}},"type":"if","locations":[{"start":{"line":13,"column":8},"end":{"line":15,"column":9}},{"start":{},"end":{}}],"line":13},"1":{"loc":{"start":{"line":23,"column":8},"end":{"line":25,"column":9}},"type":"if","locations":[{"start":{"line":23,"column":8},"end":{"line":25,"column":9}},{"start":{},"end":{}}],"line":23},"2":{"loc":{"start":{"line":30,"column":8},"end":{"line":32,"column":9}},"type":"if","locations":[{"start":{"line":30,"column":8},"end":{"line":32,"column":9}},{"start":{},"end":{}}],"line":30},"3":{"loc":{"start":{"line":35,"column":8},"end":{"line":37,"column":9}},"type":"if","locations":[{"start":{"line":35,"column":8},"end":{"line":37,"column":9}},{"start":{},"end":{}}],"line":35},"4":{"loc":{"start":{"line":35,"column":12},"end":{"line":35,"column":40}},"type":"binary-expr","locations":[{"start":{"line":35,"column":12},"end":{"line":35,"column":22}},{"start":{"line":35,"column":26},"end":{"line":35,"column":40}}],"line":35}},"s":{"0":1,"1":0,"2":0,"3":3,"4":3,"5":2,"6":3,"7":2,"8":2,"9":2,"10":2,"11":2,"12":2,"13":2,"14":2,"15":2,"16":1,"17":2,"18":0,"19":5,"20":1},"f":{"0":0,"1":3,"2":2,"3":0},"b":{"0":[2,1],"1":[2,0],"2":[2,0],"3":[1,1],"4":[2,2]},"_coverageSchema":"1a1c01bbd47fc00a2c39e90264f33305004495a9","hash":"fe849ba8404678f3a919c77ca752d494672c0d59"}
}
