TN:
SF:config\db.config.js
FN:8,(anonymous_0)
FNF:1
FNH:1
FNDA:1,(anonymous_0)
DA:4,1
DA:6,1
DA:8,1
DA:9,1
DA:10,1
DA:11,1
DA:12,1
DA:13,1
DA:15,1
DA:30,1
DA:31,1
DA:32,1
DA:33,1
DA:34,1
DA:35,1
DA:36,1
DA:37,1
DA:38,1
DA:40,1
DA:43,1
LF:20
LH:20
BRDA:6,0,0,1
BRDA:6,0,1,1
BRF:2
BRH:2
end_of_record
TN:
SF:logger\api.logger.js
FN:11,(anonymous_0)
FN:16,(anonymous_1)
FN:20,(anonymous_2)
FNF:3
FNH:0
FNDA:0,(anonymous_0)
FNDA:0,(anonymous_1)
FNDA:0,(anonymous_2)
DA:1,2
DA:3,2
DA:4,2
DA:8,2
DA:12,0
DA:17,0
DA:21,0
DA:25,2
LF:8
LH:5
BRDA:17,0,0,0
BRDA:17,0,1,0
BRF:2
BRH:0
end_of_record
TN:
SF:model\recommendation.model.js
FN:2,(anonymous_0)
FNF:1
FNH:1
FNDA:1,(anonymous_0)
DA:2,1
DA:3,1
DA:4,1
DA:8,1
DA:13,1
DA:14,1
DA:15,1
DA:17,1
LF:8
LH:8
BRF:0
BRH:0
end_of_record
TN:
SF:model\review.model.js
FN:2,(anonymous_0)
FNF:1
FNH:1
FNDA:1,(anonymous_0)
DA:2,1
DA:3,1
DA:4,1
DA:8,1
DA:25,1
DA:26,1
DA:28,1
LF:7
LH:7
BRF:0
BRH:0
end_of_record
TN:
SF:model\title.model.js
FN:1,(anonymous_0)
FNF:1
FNH:1
FNDA:4,(anonymous_0)
DA:1,1
DA:4,4
DA:58,4
LF:3
LH:3
BRF:0
BRH:0
end_of_record
TN:
SF:model\user.model.js
FN:1,(anonymous_0)
FNF:1
FNH:1
FNDA:4,(anonymous_0)
DA:1,1
DA:4,4
DA:26,4
LF:3
LH:3
BRF:0
BRH:0
end_of_record
TN:
SF:model\watchlist.model.js
FN:2,(anonymous_0)
FNF:1
FNH:1
FNDA:1,(anonymous_0)
DA:2,1
DA:3,1
DA:4,1
DA:8,1
DA:22,1
DA:23,1
DA:25,1
LF:7
LH:7
BRF:0
BRH:0
end_of_record
TN:
SF:repository\title.repository.js
FN:7,(anonymous_0)
FN:11,(anonymous_1)
FN:21,(anonymous_2)
FN:37,(anonymous_3)
FN:59,(anonymous_4)
FNF:5
FNH:2
FNDA:1,(anonymous_0)
FNDA:0,(anonymous_1)
FNDA:0,(anonymous_2)
FNDA:2,(anonymous_3)
FNDA:0,(anonymous_4)
DA:1,1
DA:2,1
DA:5,1
DA:8,1
DA:12,0
DA:13,0
DA:14,0
DA:16,0
DA:17,0
DA:22,0
DA:23,0
DA:30,0
DA:32,0
DA:33,0
DA:39,2
DA:40,1
DA:41,1
DA:48,1
DA:50,0
DA:51,0
DA:54,1
DA:55,1
DA:61,0
DA:62,0
DA:63,0
DA:76,0
DA:78,0
DA:79,0
DA:82,0
DA:83,0
DA:88,1
LF:31
LH:11
BRDA:39,0,0,1
BRDA:39,0,1,1
BRDA:61,1,0,0
BRDA:61,1,1,0
BRF:4
BRH:2
end_of_record
TN:
SF:repository\user.repository.js
FN:7,(anonymous_0)
FN:11,(anonymous_1)
FN:21,(anonymous_2)
FN:31,(anonymous_3)
FNF:4
FNH:1
FNDA:1,(anonymous_0)
FNDA:0,(anonymous_1)
FNDA:0,(anonymous_2)
FNDA:0,(anonymous_3)
DA:1,1
DA:2,1
DA:5,1
DA:8,1
DA:12,0
DA:13,0
DA:14,0
DA:16,0
DA:17,0
DA:22,0
DA:23,0
DA:24,0
DA:26,0
DA:27,0
DA:32,0
DA:34,0
DA:35,0
DA:37,0
DA:40,0
DA:44,1
LF:20
LH:5
BRF:0
BRH:0
end_of_record
TN:
SF:service\user.service.js
FN:4,(anonymous_0)
FN:10,(anonymous_1)
FN:20,(anonymous_2)
FN:42,(anonymous_3)
FNF:4
FNH:2
FNDA:0,(anonymous_0)
FNDA:3,(anonymous_1)
FNDA:2,(anonymous_2)
FNDA:0,(anonymous_3)
DA:1,1
DA:5,0
DA:7,0
DA:11,3
DA:13,3
DA:14,2
DA:17,3
DA:21,2
DA:23,2
DA:24,2
DA:27,2
DA:28,2
DA:30,2
DA:31,2
DA:34,2
DA:35,2
DA:36,1
DA:39,2
DA:43,0
DA:47,5
DA:51,1
LF:21
LH:18
BRDA:13,0,0,2
BRDA:13,0,1,1
BRDA:23,1,0,2
BRDA:23,1,1,0
BRDA:30,2,0,2
BRDA:30,2,1,0
BRDA:35,3,0,1
BRDA:35,3,1,1
BRDA:35,4,0,2
BRDA:35,4,1,2
BRF:10
BRH:8
end_of_record
