{"F:\\Homework\\Winter 2023\\COMP 4350\\Project\\WatchlistPlus\\api\\server.js":{"path":"F:\\Homework\\Winter 2023\\COMP 4350\\Project\\WatchlistPlus\\api\\server.js","statementMap":{"0":{"start":{"line":2,"column":16},"end":{"line":2,"column":34}},"1":{"start":{"line":3,"column":19},"end":{"line":3,"column":41}},"2":{"start":{"line":5,"column":23},"end":{"line":5,"column":62}},"3":{"start":{"line":6,"column":24},"end":{"line":6,"column":64}},"4":{"start":{"line":7,"column":28},"end":{"line":7,"column":72}},"5":{"start":{"line":8,"column":25},"end":{"line":8,"column":66}},"6":{"start":{"line":9,"column":33},"end":{"line":9,"column":82}},"7":{"start":{"line":11,"column":12},"end":{"line":11,"column":21}},"8":{"start":{"line":13,"column":0},"end":{"line":13,"column":27}},"9":{"start":{"line":14,"column":0},"end":{"line":14,"column":51}},"10":{"start":{"line":16,"column":0},"end":{"line":18,"column":3}},"11":{"start":{"line":17,"column":4},"end":{"line":17,"column":28}},"12":{"start":{"line":20,"column":0},"end":{"line":22,"column":3}},"13":{"start":{"line":21,"column":4},"end":{"line":21,"column":86}},"14":{"start":{"line":21,"column":70},"end":{"line":21,"column":84}},"15":{"start":{"line":24,"column":0},"end":{"line":26,"column":3}},"16":{"start":{"line":25,"column":4},"end":{"line":25,"column":80}},"17":{"start":{"line":25,"column":64},"end":{"line":25,"column":78}},"18":{"start":{"line":28,"column":0},"end":{"line":30,"column":3}},"19":{"start":{"line":29,"column":4},"end":{"line":29,"column":100}},"20":{"start":{"line":29,"column":84},"end":{"line":29,"column":98}},"21":{"start":{"line":32,"column":0},"end":{"line":34,"column":3}},"22":{"start":{"line":33,"column":4},"end":{"line":33,"column":76}},"23":{"start":{"line":33,"column":60},"end":{"line":33,"column":74}},"24":{"start":{"line":36,"column":0},"end":{"line":40,"column":3}},"25":{"start":{"line":37,"column":4},"end":{"line":39,"column":40}},"26":{"start":{"line":39,"column":24},"end":{"line":39,"column":38}},"27":{"start":{"line":42,"column":0},"end":{"line":46,"column":3}},"28":{"start":{"line":43,"column":4},"end":{"line":45,"column":40}},"29":{"start":{"line":45,"column":24},"end":{"line":45,"column":38}},"30":{"start":{"line":48,"column":0},"end":{"line":50,"column":3}},"31":{"start":{"line":49,"column":4},"end":{"line":49,"column":81}},"32":{"start":{"line":49,"column":65},"end":{"line":49,"column":79}},"33":{"start":{"line":52,"column":0},"end":{"line":54,"column":3}},"34":{"start":{"line":53,"column":4},"end":{"line":53,"column":122}},"35":{"start":{"line":53,"column":106},"end":{"line":53,"column":120}},"36":{"start":{"line":56,"column":0},"end":{"line":58,"column":3}},"37":{"start":{"line":57,"column":4},"end":{"line":57,"column":87}},"38":{"start":{"line":57,"column":71},"end":{"line":57,"column":85}},"39":{"start":{"line":60,"column":0},"end":{"line":62,"column":3}},"40":{"start":{"line":61,"column":4},"end":{"line":61,"column":87}},"41":{"start":{"line":61,"column":71},"end":{"line":61,"column":85}},"42":{"start":{"line":64,"column":0},"end":{"line":68,"column":3}},"43":{"start":{"line":65,"column":4},"end":{"line":67,"column":40}},"44":{"start":{"line":67,"column":24},"end":{"line":67,"column":38}},"45":{"start":{"line":70,"column":0},"end":{"line":72,"column":3}},"46":{"start":{"line":71,"column":4},"end":{"line":71,"column":108}},"47":{"start":{"line":71,"column":92},"end":{"line":71,"column":106}},"48":{"start":{"line":74,"column":0},"end":{"line":76,"column":3}},"49":{"start":{"line":75,"column":4},"end":{"line":75,"column":82}},"50":{"start":{"line":75,"column":66},"end":{"line":75,"column":80}},"51":{"start":{"line":78,"column":0},"end":{"line":80,"column":3}},"52":{"start":{"line":79,"column":4},"end":{"line":79,"column":132}},"53":{"start":{"line":79,"column":116},"end":{"line":79,"column":130}},"54":{"start":{"line":82,"column":0},"end":{"line":84,"column":3}},"55":{"start":{"line":83,"column":4},"end":{"line":83,"column":106}},"56":{"start":{"line":83,"column":90},"end":{"line":83,"column":104}},"57":{"start":{"line":86,"column":0},"end":{"line":88,"column":3}},"58":{"start":{"line":87,"column":4},"end":{"line":87,"column":148}},"59":{"start":{"line":87,"column":132},"end":{"line":87,"column":146}},"60":{"start":{"line":90,"column":0},"end":{"line":90,"column":21}}},"fnMap":{"0":{"name":"(anonymous_0)","decl":{"start":{"line":16,"column":13},"end":{"line":16,"column":14}},"loc":{"start":{"line":16,"column":27},"end":{"line":18,"column":1}},"line":16},"1":{"name":"(anonymous_1)","decl":{"start":{"line":20,"column":48},"end":{"line":20,"column":49}},"loc":{"start":{"line":20,"column":62},"end":{"line":22,"column":1}},"line":20},"2":{"name":"(anonymous_2)","decl":{"start":{"line":21,"column":60},"end":{"line":21,"column":61}},"loc":{"start":{"line":21,"column":70},"end":{"line":21,"column":84}},"line":21},"3":{"name":"(anonymous_3)","decl":{"start":{"line":24,"column":42},"end":{"line":24,"column":43}},"loc":{"start":{"line":24,"column":56},"end":{"line":26,"column":1}},"line":24},"4":{"name":"(anonymous_4)","decl":{"start":{"line":25,"column":54},"end":{"line":25,"column":55}},"loc":{"start":{"line":25,"column":64},"end":{"line":25,"column":78}},"line":25},"5":{"name":"(anonymous_5)","decl":{"start":{"line":28,"column":46},"end":{"line":28,"column":47}},"loc":{"start":{"line":28,"column":60},"end":{"line":30,"column":1}},"line":28},"6":{"name":"(anonymous_6)","decl":{"start":{"line":29,"column":74},"end":{"line":29,"column":75}},"loc":{"start":{"line":29,"column":84},"end":{"line":29,"column":98}},"line":29},"7":{"name":"(anonymous_7)","decl":{"start":{"line":32,"column":24},"end":{"line":32,"column":25}},"loc":{"start":{"line":32,"column":38},"end":{"line":34,"column":1}},"line":32},"8":{"name":"(anonymous_8)","decl":{"start":{"line":33,"column":50},"end":{"line":33,"column":51}},"loc":{"start":{"line":33,"column":60},"end":{"line":33,"column":74}},"line":33},"9":{"name":"(anonymous_9)","decl":{"start":{"line":36,"column":69},"end":{"line":36,"column":70}},"loc":{"start":{"line":36,"column":83},"end":{"line":40,"column":1}},"line":36},"10":{"name":"(anonymous_10)","decl":{"start":{"line":39,"column":14},"end":{"line":39,"column":15}},"loc":{"start":{"line":39,"column":24},"end":{"line":39,"column":38}},"line":39},"11":{"name":"(anonymous_11)","decl":{"start":{"line":42,"column":89},"end":{"line":42,"column":90}},"loc":{"start":{"line":42,"column":103},"end":{"line":46,"column":1}},"line":42},"12":{"name":"(anonymous_12)","decl":{"start":{"line":45,"column":14},"end":{"line":45,"column":15}},"loc":{"start":{"line":45,"column":24},"end":{"line":45,"column":38}},"line":45},"13":{"name":"(anonymous_13)","decl":{"start":{"line":48,"column":38},"end":{"line":48,"column":39}},"loc":{"start":{"line":48,"column":52},"end":{"line":50,"column":1}},"line":48},"14":{"name":"(anonymous_14)","decl":{"start":{"line":49,"column":55},"end":{"line":49,"column":56}},"loc":{"start":{"line":49,"column":65},"end":{"line":49,"column":79}},"line":49},"15":{"name":"(anonymous_15)","decl":{"start":{"line":52,"column":57},"end":{"line":52,"column":58}},"loc":{"start":{"line":52,"column":71},"end":{"line":54,"column":1}},"line":52},"16":{"name":"(anonymous_16)","decl":{"start":{"line":53,"column":96},"end":{"line":53,"column":97}},"loc":{"start":{"line":53,"column":106},"end":{"line":53,"column":120}},"line":53},"17":{"name":"(anonymous_17)","decl":{"start":{"line":56,"column":28},"end":{"line":56,"column":29}},"loc":{"start":{"line":56,"column":42},"end":{"line":58,"column":1}},"line":56},"18":{"name":"(anonymous_18)","decl":{"start":{"line":57,"column":61},"end":{"line":57,"column":62}},"loc":{"start":{"line":57,"column":71},"end":{"line":57,"column":85}},"line":57},"19":{"name":"(anonymous_19)","decl":{"start":{"line":60,"column":27},"end":{"line":60,"column":28}},"loc":{"start":{"line":60,"column":41},"end":{"line":62,"column":1}},"line":60},"20":{"name":"(anonymous_20)","decl":{"start":{"line":61,"column":61},"end":{"line":61,"column":62}},"loc":{"start":{"line":61,"column":71},"end":{"line":61,"column":85}},"line":61},"21":{"name":"(anonymous_21)","decl":{"start":{"line":64,"column":76},"end":{"line":64,"column":77}},"loc":{"start":{"line":64,"column":90},"end":{"line":68,"column":1}},"line":64},"22":{"name":"(anonymous_22)","decl":{"start":{"line":67,"column":14},"end":{"line":67,"column":15}},"loc":{"start":{"line":67,"column":24},"end":{"line":67,"column":38}},"line":67},"23":{"name":"(anonymous_23)","decl":{"start":{"line":70,"column":47},"end":{"line":70,"column":48}},"loc":{"start":{"line":70,"column":61},"end":{"line":72,"column":1}},"line":70},"24":{"name":"(anonymous_24)","decl":{"start":{"line":71,"column":82},"end":{"line":71,"column":83}},"loc":{"start":{"line":71,"column":92},"end":{"line":71,"column":106}},"line":71},"25":{"name":"(anonymous_25)","decl":{"start":{"line":74,"column":26},"end":{"line":74,"column":27}},"loc":{"start":{"line":74,"column":40},"end":{"line":76,"column":1}},"line":74},"26":{"name":"(anonymous_26)","decl":{"start":{"line":75,"column":56},"end":{"line":75,"column":57}},"loc":{"start":{"line":75,"column":66},"end":{"line":75,"column":80}},"line":75},"27":{"name":"(anonymous_27)","decl":{"start":{"line":78,"column":55},"end":{"line":78,"column":56}},"loc":{"start":{"line":78,"column":69},"end":{"line":80,"column":1}},"line":78},"28":{"name":"(anonymous_28)","decl":{"start":{"line":79,"column":106},"end":{"line":79,"column":107}},"loc":{"start":{"line":79,"column":116},"end":{"line":79,"column":130}},"line":79},"29":{"name":"(anonymous_29)","decl":{"start":{"line":82,"column":34},"end":{"line":82,"column":35}},"loc":{"start":{"line":82,"column":48},"end":{"line":84,"column":1}},"line":82},"30":{"name":"(anonymous_30)","decl":{"start":{"line":83,"column":80},"end":{"line":83,"column":81}},"loc":{"start":{"line":83,"column":90},"end":{"line":83,"column":104}},"line":83},"31":{"name":"(anonymous_31)","decl":{"start":{"line":86,"column":63},"end":{"line":86,"column":64}},"loc":{"start":{"line":86,"column":77},"end":{"line":88,"column":1}},"line":86},"32":{"name":"(anonymous_32)","decl":{"start":{"line":87,"column":122},"end":{"line":87,"column":123}},"loc":{"start":{"line":87,"column":132},"end":{"line":87,"column":146}},"line":87}},"branchMap":{},"s":{"0":5,"1":5,"2":5,"3":5,"4":5,"5":5,"6":5,"7":5,"8":5,"9":5,"10":5,"11":0,"12":5,"13":0,"14":0,"15":5,"16":0,"17":0,"18":5,"19":1,"20":1,"21":5,"22":1,"23":1,"24":5,"25":1,"26":1,"27":5,"28":1,"29":1,"30":5,"31":2,"32":2,"33":5,"34":1,"35":1,"36":5,"37":1,"38":1,"39":5,"40":1,"41":1,"42":5,"43":2,"44":2,"45":5,"46":1,"47":1,"48":5,"49":1,"50":1,"51":5,"52":1,"53":1,"54":5,"55":1,"56":1,"57":5,"58":2,"59":2,"60":5},"f":{"0":0,"1":0,"2":0,"3":0,"4":0,"5":1,"6":1,"7":1,"8":1,"9":1,"10":1,"11":1,"12":1,"13":2,"14":2,"15":1,"16":1,"17":1,"18":1,"19":1,"20":1,"21":2,"22":2,"23":1,"24":1,"25":1,"26":1,"27":1,"28":1,"29":1,"30":1,"31":2,"32":2},"b":{},"_coverageSchema":"1a1c01bbd47fc00a2c39e90264f33305004495a9","hash":"1104a1466751d86ca5020953a04ffe9aa984d671"},"F:\\Homework\\Winter 2023\\COMP 4350\\Project\\WatchlistPlus\\api\\config\\db.config.js":{"path":"F:\\Homework\\Winter 2023\\COMP 4350\\Project\\WatchlistPlus\\api\\config\\db.config.js","statementMap":{"0":{"start":{"line":4,"column":4},"end":{"line":4,"column":24}},"1":{"start":{"line":6,"column":13},"end":{"line":6,"column":51}},"2":{"start":{"line":8,"column":16},"end":{"line":41,"column":1}},"3":{"start":{"line":9,"column":21},"end":{"line":9,"column":25}},"4":{"start":{"line":10,"column":21},"end":{"line":10,"column":31}},"5":{"start":{"line":11,"column":21},"end":{"line":11,"column":31}},"6":{"start":{"line":12,"column":21},"end":{"line":12,"column":32}},"7":{"start":{"line":13,"column":20},"end":{"line":13,"column":30}},"8":{"start":{"line":15,"column":22},"end":{"line":28,"column":6}},"9":{"start":{"line":30,"column":15},"end":{"line":30,"column":17}},"10":{"start":{"line":31,"column":4},"end":{"line":31,"column":29}},"11":{"start":{"line":32,"column":4},"end":{"line":32,"column":29}},"12":{"start":{"line":33,"column":4},"end":{"line":33,"column":25}},"13":{"start":{"line":34,"column":4},"end":{"line":34,"column":74}},"14":{"start":{"line":35,"column":4},"end":{"line":35,"column":76}},"15":{"start":{"line":36,"column":4},"end":{"line":36,"column":82}},"16":{"start":{"line":37,"column":4},"end":{"line":37,"column":78}},"17":{"start":{"line":38,"column":4},"end":{"line":38,"column":94}},"18":{"start":{"line":40,"column":4},"end":{"line":40,"column":14}},"19":{"start":{"line":43,"column":0},"end":{"line":45,"column":2}}},"fnMap":{"0":{"name":"(anonymous_0)","decl":{"start":{"line":8,"column":16},"end":{"line":8,"column":17}},"loc":{"start":{"line":8,"column":22},"end":{"line":41,"column":1}},"line":8}},"branchMap":{"0":{"loc":{"start":{"line":6,"column":13},"end":{"line":6,"column":51}},"type":"binary-expr","locations":[{"start":{"line":6,"column":13},"end":{"line":6,"column":36}},{"start":{"line":6,"column":40},"end":{"line":6,"column":51}}],"line":6}},"s":{"0":6,"1":6,"2":6,"3":26,"4":26,"5":26,"6":26,"7":26,"8":26,"9":26,"10":26,"11":26,"12":26,"13":26,"14":26,"15":26,"16":26,"17":26,"18":26,"19":6},"f":{"0":26},"b":{"0":[6,6]},"_coverageSchema":"1a1c01bbd47fc00a2c39e90264f33305004495a9","hash":"1c2899e9a2dee40a5908ed18018c69d0811ab7b3"},"F:\\Homework\\Winter 2023\\COMP 4350\\Project\\WatchlistPlus\\api\\controller\\recommendation.controller.js":{"path":"F:\\Homework\\Winter 2023\\COMP 4350\\Project\\WatchlistPlus\\api\\controller\\recommendation.controller.js","statementMap":{"0":{"start":{"line":1,"column":30},"end":{"line":1,"column":74}},"1":{"start":{"line":2,"column":15},"end":{"line":2,"column":46}},"2":{"start":{"line":6,"column":8},"end":{"line":9,"column":10}},"3":{"start":{"line":10,"column":8},"end":{"line":10,"column":74}},"4":{"start":{"line":14,"column":8},"end":{"line":14,"column":113}},"5":{"start":{"line":15,"column":8},"end":{"line":15,"column":92}},"6":{"start":{"line":19,"column":0},"end":{"line":19,"column":48}}},"fnMap":{"0":{"name":"(anonymous_0)","decl":{"start":{"line":5,"column":4},"end":{"line":5,"column":5}},"loc":{"start":{"line":5,"column":47},"end":{"line":11,"column":5}},"line":5},"1":{"name":"(anonymous_1)","decl":{"start":{"line":13,"column":4},"end":{"line":13,"column":5}},"loc":{"start":{"line":13,"column":65},"end":{"line":16,"column":5}},"line":13}},"branchMap":{},"s":{"0":5,"1":5,"2":1,"3":1,"4":2,"5":2,"6":5},"f":{"0":1,"1":2},"b":{},"_coverageSchema":"1a1c01bbd47fc00a2c39e90264f33305004495a9","hash":"c8220fd1d6d7f3f9d6e1b8e02f9b169cb79ec31f"},"F:\\Homework\\Winter 2023\\COMP 4350\\Project\\WatchlistPlus\\api\\controller\\review.controller.js":{"path":"F:\\Homework\\Winter 2023\\COMP 4350\\Project\\WatchlistPlus\\api\\controller\\review.controller.js","statementMap":{"0":{"start":{"line":1,"column":22},"end":{"line":1,"column":58}},"1":{"start":{"line":2,"column":15},"end":{"line":2,"column":46}},"2":{"start":{"line":6,"column":8},"end":{"line":6,"column":128}},"3":{"start":{"line":7,"column":8},"end":{"line":7,"column":50}},"4":{"start":{"line":11,"column":8},"end":{"line":11,"column":97}},"5":{"start":{"line":12,"column":8},"end":{"line":12,"column":76}},"6":{"start":{"line":16,"column":0},"end":{"line":16,"column":40}}},"fnMap":{"0":{"name":"(anonymous_0)","decl":{"start":{"line":5,"column":4},"end":{"line":5,"column":5}},"loc":{"start":{"line":5,"column":31},"end":{"line":8,"column":5}},"line":5},"1":{"name":"(anonymous_1)","decl":{"start":{"line":10,"column":4},"end":{"line":10,"column":5}},"loc":{"start":{"line":10,"column":57},"end":{"line":13,"column":5}},"line":10}},"branchMap":{},"s":{"0":5,"1":5,"2":1,"3":1,"4":1,"5":1,"6":5},"f":{"0":1,"1":1},"b":{},"_coverageSchema":"1a1c01bbd47fc00a2c39e90264f33305004495a9","hash":"b213573c642b7e8699a7e906d407ac1841eb7b52"},"F:\\Homework\\Winter 2023\\COMP 4350\\Project\\WatchlistPlus\\api\\controller\\title.controller.js":{"path":"F:\\Homework\\Winter 2023\\COMP 4350\\Project\\WatchlistPlus\\api\\controller\\title.controller.js","statementMap":{"0":{"start":{"line":1,"column":21},"end":{"line":1,"column":56}},"1":{"start":{"line":2,"column":15},"end":{"line":2,"column":46}},"2":{"start":{"line":6,"column":8},"end":{"line":6,"column":87}},"3":{"start":{"line":7,"column":8},"end":{"line":7,"column":66}},"4":{"start":{"line":11,"column":8},"end":{"line":11,"column":108}},"5":{"start":{"line":12,"column":8},"end":{"line":12,"column":85}},"6":{"start":{"line":16,"column":8},"end":{"line":16,"column":129}},"7":{"start":{"line":17,"column":8},"end":{"line":17,"column":104}},"8":{"start":{"line":21,"column":0},"end":{"line":21,"column":39}}},"fnMap":{"0":{"name":"(anonymous_0)","decl":{"start":{"line":5,"column":4},"end":{"line":5,"column":5}},"loc":{"start":{"line":5,"column":48},"end":{"line":8,"column":5}},"line":5},"1":{"name":"(anonymous_1)","decl":{"start":{"line":10,"column":4},"end":{"line":10,"column":5}},"loc":{"start":{"line":10,"column":67},"end":{"line":13,"column":5}},"line":10},"2":{"name":"(anonymous_2)","decl":{"start":{"line":15,"column":4},"end":{"line":15,"column":5}},"loc":{"start":{"line":15,"column":86},"end":{"line":18,"column":5}},"line":15}},"branchMap":{},"s":{"0":5,"1":5,"2":3,"3":3,"4":1,"5":1,"6":1,"7":1,"8":5},"f":{"0":3,"1":1,"2":1},"b":{},"_coverageSchema":"1a1c01bbd47fc00a2c39e90264f33305004495a9","hash":"8ce90305b44d537a98c8ba8c2dde7ff7d8998c98"},"F:\\Homework\\Winter 2023\\COMP 4350\\Project\\WatchlistPlus\\api\\controller\\user.controller.js":{"path":"F:\\Homework\\Winter 2023\\COMP 4350\\Project\\WatchlistPlus\\api\\controller\\user.controller.js","statementMap":{"0":{"start":{"line":1,"column":20},"end":{"line":1,"column":54}},"1":{"start":{"line":2,"column":15},"end":{"line":2,"column":46}},"2":{"start":{"line":6,"column":8},"end":{"line":6,"column":64}},"3":{"start":{"line":7,"column":8},"end":{"line":7,"column":52}},"4":{"start":{"line":11,"column":8},"end":{"line":11,"column":58}},"5":{"start":{"line":12,"column":8},"end":{"line":12,"column":46}},"6":{"start":{"line":16,"column":8},"end":{"line":16,"column":74}},"7":{"start":{"line":17,"column":8},"end":{"line":17,"column":55}},"8":{"start":{"line":21,"column":8},"end":{"line":21,"column":56}},"9":{"start":{"line":22,"column":8},"end":{"line":22,"column":44}},"10":{"start":{"line":26,"column":0},"end":{"line":26,"column":38}}},"fnMap":{"0":{"name":"(anonymous_0)","decl":{"start":{"line":5,"column":4},"end":{"line":5,"column":5}},"loc":{"start":{"line":5,"column":35},"end":{"line":8,"column":5}},"line":5},"1":{"name":"(anonymous_1)","decl":{"start":{"line":10,"column":4},"end":{"line":10,"column":5}},"loc":{"start":{"line":10,"column":29},"end":{"line":13,"column":5}},"line":10},"2":{"name":"(anonymous_2)","decl":{"start":{"line":15,"column":4},"end":{"line":15,"column":5}},"loc":{"start":{"line":15,"column":38},"end":{"line":18,"column":5}},"line":15},"3":{"name":"(anonymous_3)","decl":{"start":{"line":20,"column":4},"end":{"line":20,"column":5}},"loc":{"start":{"line":20,"column":27},"end":{"line":23,"column":5}},"line":20}},"branchMap":{},"s":{"0":5,"1":5,"2":0,"3":0,"4":0,"5":0,"6":1,"7":1,"8":1,"9":1,"10":5},"f":{"0":0,"1":0,"2":1,"3":1},"b":{},"_coverageSchema":"1a1c01bbd47fc00a2c39e90264f33305004495a9","hash":"d105e41bd779a73a44966121b32efab41782b9b5"},"F:\\Homework\\Winter 2023\\COMP 4350\\Project\\WatchlistPlus\\api\\controller\\watchlist.controller.js":{"path":"F:\\Homework\\Winter 2023\\COMP 4350\\Project\\WatchlistPlus\\api\\controller\\watchlist.controller.js","statementMap":{"0":{"start":{"line":1,"column":25},"end":{"line":1,"column":64}},"1":{"start":{"line":2,"column":15},"end":{"line":2,"column":46}},"2":{"start":{"line":6,"column":8},"end":{"line":6,"column":134}},"3":{"start":{"line":7,"column":8},"end":{"line":7,"column":55}},"4":{"start":{"line":11,"column":8},"end":{"line":11,"column":134}},"5":{"start":{"line":12,"column":8},"end":{"line":12,"column":55}},"6":{"start":{"line":16,"column":8},"end":{"line":16,"column":82}},"7":{"start":{"line":17,"column":8},"end":{"line":17,"column":62}},"8":{"start":{"line":21,"column":8},"end":{"line":21,"column":122}},"9":{"start":{"line":22,"column":8},"end":{"line":22,"column":98}},"10":{"start":{"line":26,"column":0},"end":{"line":26,"column":43}}},"fnMap":{"0":{"name":"(anonymous_0)","decl":{"start":{"line":5,"column":4},"end":{"line":5,"column":5}},"loc":{"start":{"line":5,"column":33},"end":{"line":8,"column":5}},"line":5},"1":{"name":"(anonymous_1)","decl":{"start":{"line":10,"column":4},"end":{"line":10,"column":5}},"loc":{"start":{"line":10,"column":33},"end":{"line":13,"column":5}},"line":10},"2":{"name":"(anonymous_2)","decl":{"start":{"line":15,"column":4},"end":{"line":15,"column":5}},"loc":{"start":{"line":15,"column":41},"end":{"line":18,"column":5}},"line":15},"3":{"name":"(anonymous_3)","decl":{"start":{"line":20,"column":4},"end":{"line":20,"column":5}},"loc":{"start":{"line":20,"column":76},"end":{"line":23,"column":5}},"line":20}},"branchMap":{},"s":{"0":5,"1":5,"2":1,"3":1,"4":1,"5":1,"6":1,"7":1,"8":2,"9":2,"10":5},"f":{"0":1,"1":1,"2":1,"3":2},"b":{},"_coverageSchema":"1a1c01bbd47fc00a2c39e90264f33305004495a9","hash":"90be0426dcb3925b6079efabb53a73371c587ecd"},"F:\\Homework\\Winter 2023\\COMP 4350\\Project\\WatchlistPlus\\api\\logger\\api.logger.js":{"path":"F:\\Homework\\Winter 2023\\COMP 4350\\Project\\WatchlistPlus\\api\\logger\\api.logger.js","statementMap":{"0":{"start":{"line":1,"column":16},"end":{"line":1,"column":34}},"1":{"start":{"line":3,"column":25},"end":{"line":3,"column":57}},"2":{"start":{"line":4,"column":25},"end":{"line":6,"column":1}},"3":{"start":{"line":8,"column":15},"end":{"line":8,"column":57}},"4":{"start":{"line":12,"column":8},"end":{"line":12,"column":29}},"5":{"start":{"line":17,"column":8},"end":{"line":17,"column":86}},"6":{"start":{"line":21,"column":8},"end":{"line":21,"column":30}},"7":{"start":{"line":25,"column":0},"end":{"line":25,"column":33}}},"fnMap":{"0":{"name":"(anonymous_0)","decl":{"start":{"line":11,"column":4},"end":{"line":11,"column":5}},"loc":{"start":{"line":11,"column":18},"end":{"line":13,"column":5}},"line":11},"1":{"name":"(anonymous_1)","decl":{"start":{"line":16,"column":4},"end":{"line":16,"column":5}},"loc":{"start":{"line":16,"column":24},"end":{"line":18,"column":5}},"line":16},"2":{"name":"(anonymous_2)","decl":{"start":{"line":20,"column":4},"end":{"line":20,"column":5}},"loc":{"start":{"line":20,"column":19},"end":{"line":22,"column":5}},"line":20}},"branchMap":{"0":{"loc":{"start":{"line":17,"column":36},"end":{"line":17,"column":82}},"type":"cond-expr","locations":[{"start":{"line":17,"column":57},"end":{"line":17,"column":77}},{"start":{"line":17,"column":80},"end":{"line":17,"column":82}}],"line":17}},"s":{"0":7,"1":7,"2":7,"3":7,"4":0,"5":17,"6":0,"7":7},"f":{"0":0,"1":17,"2":0},"b":{"0":[17,0]},"_coverageSchema":"1a1c01bbd47fc00a2c39e90264f33305004495a9","hash":"15b8ef6db2b7987b05212701ad0513e5d8723260"},"F:\\Homework\\Winter 2023\\COMP 4350\\Project\\WatchlistPlus\\api\\model\\recommendation.model.js":{"path":"F:\\Homework\\Winter 2023\\COMP 4350\\Project\\WatchlistPlus\\api\\model\\recommendation.model.js","statementMap":{"0":{"start":{"line":2,"column":0},"end":{"line":18,"column":2}},"1":{"start":{"line":3,"column":18},"end":{"line":3,"column":71}},"2":{"start":{"line":4,"column":17},"end":{"line":4,"column":69}},"3":{"start":{"line":8,"column":4},"end":{"line":11,"column":7}},"4":{"start":{"line":13,"column":4},"end":{"line":13,"column":54}},"5":{"start":{"line":14,"column":4},"end":{"line":14,"column":54}},"6":{"start":{"line":15,"column":4},"end":{"line":15,"column":35}},"7":{"start":{"line":17,"column":4},"end":{"line":17,"column":26}}},"fnMap":{"0":{"name":"(anonymous_0)","decl":{"start":{"line":2,"column":17},"end":{"line":2,"column":18}},"loc":{"start":{"line":2,"column":50},"end":{"line":18,"column":1}},"line":2}},"branchMap":{},"s":{"0":6,"1":26,"2":26,"3":26,"4":26,"5":26,"6":26,"7":26},"f":{"0":26},"b":{},"_coverageSchema":"1a1c01bbd47fc00a2c39e90264f33305004495a9","hash":"05049fe106e7aa30cf63d7b2a7536b93306d3732"},"F:\\Homework\\Winter 2023\\COMP 4350\\Project\\WatchlistPlus\\api\\model\\review.model.js":{"path":"F:\\Homework\\Winter 2023\\COMP 4350\\Project\\WatchlistPlus\\api\\model\\review.model.js","statementMap":{"0":{"start":{"line":2,"column":0},"end":{"line":29,"column":2}},"1":{"start":{"line":3,"column":18},"end":{"line":3,"column":71}},"2":{"start":{"line":4,"column":17},"end":{"line":4,"column":69}},"3":{"start":{"line":8,"column":4},"end":{"line":23,"column":7}},"4":{"start":{"line":25,"column":4},"end":{"line":25,"column":28}},"5":{"start":{"line":26,"column":4},"end":{"line":26,"column":27}},"6":{"start":{"line":28,"column":4},"end":{"line":28,"column":18}}},"fnMap":{"0":{"name":"(anonymous_0)","decl":{"start":{"line":2,"column":17},"end":{"line":2,"column":18}},"loc":{"start":{"line":2,"column":50},"end":{"line":29,"column":1}},"line":2}},"branchMap":{},"s":{"0":6,"1":26,"2":26,"3":26,"4":26,"5":26,"6":26},"f":{"0":26},"b":{},"_coverageSchema":"1a1c01bbd47fc00a2c39e90264f33305004495a9","hash":"7a00c24818135f3a048533cbc6710cb0092075aa"},"F:\\Homework\\Winter 2023\\COMP 4350\\Project\\WatchlistPlus\\api\\model\\title.model.js":{"path":"F:\\Homework\\Winter 2023\\COMP 4350\\Project\\WatchlistPlus\\api\\model\\title.model.js","statementMap":{"0":{"start":{"line":1,"column":0},"end":{"line":59,"column":2}},"1":{"start":{"line":4,"column":4},"end":{"line":56,"column":7}},"2":{"start":{"line":58,"column":4},"end":{"line":58,"column":17}}},"fnMap":{"0":{"name":"(anonymous_0)","decl":{"start":{"line":1,"column":17},"end":{"line":1,"column":18}},"loc":{"start":{"line":1,"column":50},"end":{"line":59,"column":1}},"line":1}},"branchMap":{},"s":{"0":6,"1":104,"2":104},"f":{"0":104},"b":{},"_coverageSchema":"1a1c01bbd47fc00a2c39e90264f33305004495a9","hash":"f552b36411c1f2c5bb6ed6421a224c9640546a4f"},"F:\\Homework\\Winter 2023\\COMP 4350\\Project\\WatchlistPlus\\api\\model\\user.model.js":{"path":"F:\\Homework\\Winter 2023\\COMP 4350\\Project\\WatchlistPlus\\api\\model\\user.model.js","statementMap":{"0":{"start":{"line":1,"column":0},"end":{"line":27,"column":2}},"1":{"start":{"line":4,"column":4},"end":{"line":24,"column":7}},"2":{"start":{"line":26,"column":4},"end":{"line":26,"column":16}}},"fnMap":{"0":{"name":"(anonymous_0)","decl":{"start":{"line":1,"column":17},"end":{"line":1,"column":18}},"loc":{"start":{"line":1,"column":50},"end":{"line":27,"column":1}},"line":1}},"branchMap":{},"s":{"0":6,"1":104,"2":104},"f":{"0":104},"b":{},"_coverageSchema":"1a1c01bbd47fc00a2c39e90264f33305004495a9","hash":"7856143e962e36a0ab234307f23fee29e91abc12"},"F:\\Homework\\Winter 2023\\COMP 4350\\Project\\WatchlistPlus\\api\\model\\watchlist.model.js":{"path":"F:\\Homework\\Winter 2023\\COMP 4350\\Project\\WatchlistPlus\\api\\model\\watchlist.model.js","statementMap":{"0":{"start":{"line":2,"column":0},"end":{"line":26,"column":2}},"1":{"start":{"line":3,"column":18},"end":{"line":3,"column":71}},"2":{"start":{"line":4,"column":17},"end":{"line":4,"column":69}},"3":{"start":{"line":8,"column":4},"end":{"line":20,"column":7}},"4":{"start":{"line":22,"column":4},"end":{"line":22,"column":29}},"5":{"start":{"line":23,"column":4},"end":{"line":23,"column":28}},"6":{"start":{"line":25,"column":4},"end":{"line":25,"column":19}}},"fnMap":{"0":{"name":"(anonymous_0)","decl":{"start":{"line":2,"column":17},"end":{"line":2,"column":18}},"loc":{"start":{"line":2,"column":50},"end":{"line":26,"column":1}},"line":2}},"branchMap":{},"s":{"0":6,"1":26,"2":26,"3":26,"4":26,"5":26,"6":26},"f":{"0":26},"b":{},"_coverageSchema":"1a1c01bbd47fc00a2c39e90264f33305004495a9","hash":"92b965d57e8e2c3ba539a3e1f6875aa535a41688"},"F:\\Homework\\Winter 2023\\COMP 4350\\Project\\WatchlistPlus\\api\\repository\\recommendation.repository.js":{"path":"F:\\Homework\\Winter 2023\\COMP 4350\\Project\\WatchlistPlus\\api\\repository\\recommendation.repository.js","statementMap":{"0":{"start":{"line":1,"column":20},"end":{"line":1,"column":50}},"1":{"start":{"line":2,"column":15},"end":{"line":2,"column":46}},"2":{"start":{"line":5,"column":9},"end":{"line":5,"column":11}},"3":{"start":{"line":8,"column":8},"end":{"line":8,"column":28}},"4":{"start":{"line":12,"column":19},"end":{"line":12,"column":21}},"5":{"start":{"line":14,"column":8},"end":{"line":18,"column":9}},"6":{"start":{"line":15,"column":12},"end":{"line":15,"column":71}},"7":{"start":{"line":17,"column":12},"end":{"line":17,"column":42}},"8":{"start":{"line":20,"column":8},"end":{"line":20,"column":20}},"9":{"start":{"line":24,"column":8},"end":{"line":49,"column":9}},"10":{"start":{"line":25,"column":36},"end":{"line":43,"column":13}},"11":{"start":{"line":45,"column":12},"end":{"line":45,"column":35}},"12":{"start":{"line":47,"column":12},"end":{"line":47,"column":42}},"13":{"start":{"line":48,"column":12},"end":{"line":48,"column":22}},"14":{"start":{"line":53,"column":0},"end":{"line":53,"column":48}}},"fnMap":{"0":{"name":"(anonymous_0)","decl":{"start":{"line":7,"column":4},"end":{"line":7,"column":5}},"loc":{"start":{"line":7,"column":18},"end":{"line":9,"column":5}},"line":7},"1":{"name":"(anonymous_1)","decl":{"start":{"line":11,"column":4},"end":{"line":11,"column":5}},"loc":{"start":{"line":11,"column":47},"end":{"line":21,"column":5}},"line":11},"2":{"name":"(anonymous_2)","decl":{"start":{"line":23,"column":4},"end":{"line":23,"column":5}},"loc":{"start":{"line":23,"column":65},"end":{"line":50,"column":5}},"line":23}},"branchMap":{},"s":{"0":5,"1":5,"2":5,"3":5,"4":1,"5":1,"6":1,"7":0,"8":1,"9":2,"10":2,"11":2,"12":0,"13":0,"14":5},"f":{"0":5,"1":1,"2":2},"b":{},"_coverageSchema":"1a1c01bbd47fc00a2c39e90264f33305004495a9","hash":"0c831a332fdaf0ccee546c44a69d9d2e91711281"},"F:\\Homework\\Winter 2023\\COMP 4350\\Project\\WatchlistPlus\\api\\repository\\review.repository.js":{"path":"F:\\Homework\\Winter 2023\\COMP 4350\\Project\\WatchlistPlus\\api\\repository\\review.repository.js","statementMap":{"0":{"start":{"line":1,"column":20},"end":{"line":1,"column":50}},"1":{"start":{"line":2,"column":15},"end":{"line":2,"column":46}},"2":{"start":{"line":5,"column":9},"end":{"line":5,"column":11}},"3":{"start":{"line":8,"column":8},"end":{"line":8,"column":28}},"4":{"start":{"line":12,"column":19},"end":{"line":12,"column":21}},"5":{"start":{"line":14,"column":8},"end":{"line":18,"column":9}},"6":{"start":{"line":15,"column":12},"end":{"line":15,"column":55}},"7":{"start":{"line":17,"column":12},"end":{"line":17,"column":42}},"8":{"start":{"line":20,"column":8},"end":{"line":20,"column":20}},"9":{"start":{"line":24,"column":8},"end":{"line":40,"column":9}},"10":{"start":{"line":25,"column":28},"end":{"line":34,"column":13}},"11":{"start":{"line":36,"column":12},"end":{"line":36,"column":27}},"12":{"start":{"line":38,"column":12},"end":{"line":38,"column":42}},"13":{"start":{"line":39,"column":12},"end":{"line":39,"column":22}},"14":{"start":{"line":44,"column":0},"end":{"line":44,"column":40}}},"fnMap":{"0":{"name":"(anonymous_0)","decl":{"start":{"line":7,"column":4},"end":{"line":7,"column":5}},"loc":{"start":{"line":7,"column":18},"end":{"line":9,"column":5}},"line":7},"1":{"name":"(anonymous_1)","decl":{"start":{"line":11,"column":4},"end":{"line":11,"column":5}},"loc":{"start":{"line":11,"column":31},"end":{"line":21,"column":5}},"line":11},"2":{"name":"(anonymous_2)","decl":{"start":{"line":23,"column":4},"end":{"line":23,"column":5}},"loc":{"start":{"line":23,"column":57},"end":{"line":41,"column":5}},"line":23}},"branchMap":{},"s":{"0":5,"1":5,"2":5,"3":5,"4":1,"5":1,"6":1,"7":0,"8":1,"9":1,"10":1,"11":1,"12":0,"13":0,"14":5},"f":{"0":5,"1":1,"2":1},"b":{},"_coverageSchema":"1a1c01bbd47fc00a2c39e90264f33305004495a9","hash":"046027132386a718fc166cf1870b5c0d1f74f4b5"},"F:\\Homework\\Winter 2023\\COMP 4350\\Project\\WatchlistPlus\\api\\repository\\title.repository.js":{"path":"F:\\Homework\\Winter 2023\\COMP 4350\\Project\\WatchlistPlus\\api\\repository\\title.repository.js","statementMap":{"0":{"start":{"line":1,"column":20},"end":{"line":1,"column":50}},"1":{"start":{"line":2,"column":15},"end":{"line":2,"column":46}},"2":{"start":{"line":5,"column":9},"end":{"line":5,"column":11}},"3":{"start":{"line":8,"column":8},"end":{"line":8,"column":28}},"4":{"start":{"line":12,"column":8},"end":{"line":18,"column":9}},"5":{"start":{"line":13,"column":27},"end":{"line":13,"column":107}},"6":{"start":{"line":14,"column":12},"end":{"line":14,"column":26}},"7":{"start":{"line":16,"column":12},"end":{"line":16,"column":42}},"8":{"start":{"line":17,"column":12},"end":{"line":17,"column":29}},"9":{"start":{"line":22,"column":8},"end":{"line":34,"column":9}},"10":{"start":{"line":23,"column":27},"end":{"line":29,"column":14}},"11":{"start":{"line":30,"column":12},"end":{"line":30,"column":28}},"12":{"start":{"line":32,"column":12},"end":{"line":32,"column":42}},"13":{"start":{"line":33,"column":12},"end":{"line":33,"column":29}},"14":{"start":{"line":39,"column":8},"end":{"line":56,"column":9}},"15":{"start":{"line":40,"column":12},"end":{"line":52,"column":13}},"16":{"start":{"line":41,"column":31},"end":{"line":47,"column":17}},"17":{"start":{"line":48,"column":16},"end":{"line":48,"column":30}},"18":{"start":{"line":50,"column":16},"end":{"line":50,"column":46}},"19":{"start":{"line":51,"column":16},"end":{"line":51,"column":26}},"20":{"start":{"line":54,"column":12},"end":{"line":54,"column":75}},"21":{"start":{"line":55,"column":12},"end":{"line":55,"column":22}},"22":{"start":{"line":61,"column":8},"end":{"line":84,"column":9}},"23":{"start":{"line":62,"column":12},"end":{"line":80,"column":13}},"24":{"start":{"line":63,"column":31},"end":{"line":75,"column":17}},"25":{"start":{"line":76,"column":16},"end":{"line":76,"column":30}},"26":{"start":{"line":78,"column":16},"end":{"line":78,"column":46}},"27":{"start":{"line":79,"column":16},"end":{"line":79,"column":26}},"28":{"start":{"line":82,"column":12},"end":{"line":82,"column":75}},"29":{"start":{"line":83,"column":12},"end":{"line":83,"column":22}},"30":{"start":{"line":88,"column":0},"end":{"line":88,"column":39}}},"fnMap":{"0":{"name":"(anonymous_0)","decl":{"start":{"line":7,"column":4},"end":{"line":7,"column":5}},"loc":{"start":{"line":7,"column":18},"end":{"line":9,"column":5}},"line":7},"1":{"name":"(anonymous_1)","decl":{"start":{"line":11,"column":4},"end":{"line":11,"column":5}},"loc":{"start":{"line":11,"column":34},"end":{"line":19,"column":5}},"line":11},"2":{"name":"(anonymous_2)","decl":{"start":{"line":21,"column":4},"end":{"line":21,"column":5}},"loc":{"start":{"line":21,"column":50},"end":{"line":35,"column":5}},"line":21},"3":{"name":"(anonymous_3)","decl":{"start":{"line":37,"column":4},"end":{"line":37,"column":5}},"loc":{"start":{"line":37,"column":67},"end":{"line":57,"column":5}},"line":37},"4":{"name":"(anonymous_4)","decl":{"start":{"line":59,"column":4},"end":{"line":59,"column":5}},"loc":{"start":{"line":59,"column":86},"end":{"line":85,"column":5}},"line":59}},"branchMap":{"0":{"loc":{"start":{"line":39,"column":8},"end":{"line":56,"column":9}},"type":"if","locations":[{"start":{"line":39,"column":8},"end":{"line":56,"column":9}},{"start":{"line":53,"column":15},"end":{"line":56,"column":9}}],"line":39},"1":{"loc":{"start":{"line":61,"column":8},"end":{"line":84,"column":9}},"type":"if","locations":[{"start":{"line":61,"column":8},"end":{"line":84,"column":9}},{"start":{"line":81,"column":15},"end":{"line":84,"column":9}}],"line":61}},"s":{"0":6,"1":6,"2":6,"3":6,"4":2,"5":2,"6":2,"7":0,"8":0,"9":1,"10":1,"11":1,"12":0,"13":0,"14":3,"15":2,"16":2,"17":2,"18":0,"19":0,"20":1,"21":1,"22":1,"23":1,"24":1,"25":1,"26":0,"27":0,"28":0,"29":0,"30":6},"f":{"0":6,"1":2,"2":1,"3":3,"4":1},"b":{"0":[2,1],"1":[1,0]},"_coverageSchema":"1a1c01bbd47fc00a2c39e90264f33305004495a9","hash":"d2d5d2322c1507814b3a18e5eb33190c411174e7"},"F:\\Homework\\Winter 2023\\COMP 4350\\Project\\WatchlistPlus\\api\\repository\\user.repository.js":{"path":"F:\\Homework\\Winter 2023\\COMP 4350\\Project\\WatchlistPlus\\api\\repository\\user.repository.js","statementMap":{"0":{"start":{"line":1,"column":20},"end":{"line":1,"column":50}},"1":{"start":{"line":2,"column":15},"end":{"line":2,"column":46}},"2":{"start":{"line":5,"column":9},"end":{"line":5,"column":11}},"3":{"start":{"line":8,"column":8},"end":{"line":8,"column":28}},"4":{"start":{"line":12,"column":8},"end":{"line":18,"column":9}},"5":{"start":{"line":13,"column":25},"end":{"line":13,"column":76}},"6":{"start":{"line":14,"column":12},"end":{"line":14,"column":24}},"7":{"start":{"line":16,"column":12},"end":{"line":16,"column":42}},"8":{"start":{"line":17,"column":12},"end":{"line":17,"column":22}},"9":{"start":{"line":22,"column":8},"end":{"line":28,"column":9}},"10":{"start":{"line":23,"column":25},"end":{"line":23,"column":73}},"11":{"start":{"line":24,"column":12},"end":{"line":24,"column":24}},"12":{"start":{"line":26,"column":12},"end":{"line":26,"column":42}},"13":{"start":{"line":27,"column":12},"end":{"line":27,"column":22}},"14":{"start":{"line":32,"column":19},"end":{"line":32,"column":21}},"15":{"start":{"line":34,"column":8},"end":{"line":38,"column":9}},"16":{"start":{"line":35,"column":12},"end":{"line":35,"column":51}},"17":{"start":{"line":37,"column":12},"end":{"line":37,"column":42}},"18":{"start":{"line":40,"column":8},"end":{"line":40,"column":20}},"19":{"start":{"line":44,"column":0},"end":{"line":44,"column":38}}},"fnMap":{"0":{"name":"(anonymous_0)","decl":{"start":{"line":7,"column":4},"end":{"line":7,"column":5}},"loc":{"start":{"line":7,"column":18},"end":{"line":9,"column":5}},"line":7},"1":{"name":"(anonymous_1)","decl":{"start":{"line":11,"column":4},"end":{"line":11,"column":5}},"loc":{"start":{"line":11,"column":38},"end":{"line":19,"column":5}},"line":11},"2":{"name":"(anonymous_2)","decl":{"start":{"line":21,"column":4},"end":{"line":21,"column":5}},"loc":{"start":{"line":21,"column":32},"end":{"line":29,"column":5}},"line":21},"3":{"name":"(anonymous_3)","decl":{"start":{"line":31,"column":4},"end":{"line":31,"column":5}},"loc":{"start":{"line":31,"column":27},"end":{"line":41,"column":5}},"line":31}},"branchMap":{},"s":{"0":6,"1":6,"2":6,"3":6,"4":0,"5":0,"6":0,"7":0,"8":0,"9":1,"10":1,"11":1,"12":0,"13":0,"14":5,"15":5,"16":5,"17":0,"18":5,"19":6},"f":{"0":6,"1":0,"2":1,"3":5},"b":{},"_coverageSchema":"1a1c01bbd47fc00a2c39e90264f33305004495a9","hash":"d6c370d4e480d13193733e94c1c14bd65eb22dac"},"F:\\Homework\\Winter 2023\\COMP 4350\\Project\\WatchlistPlus\\api\\repository\\watchlist.repository.js":{"path":"F:\\Homework\\Winter 2023\\COMP 4350\\Project\\WatchlistPlus\\api\\repository\\watchlist.repository.js","statementMap":{"0":{"start":{"line":1,"column":20},"end":{"line":1,"column":50}},"1":{"start":{"line":2,"column":15},"end":{"line":2,"column":46}},"2":{"start":{"line":5,"column":9},"end":{"line":5,"column":11}},"3":{"start":{"line":8,"column":8},"end":{"line":8,"column":28}},"4":{"start":{"line":12,"column":19},"end":{"line":12,"column":21}},"5":{"start":{"line":14,"column":8},"end":{"line":18,"column":9}},"6":{"start":{"line":15,"column":12},"end":{"line":15,"column":57}},"7":{"start":{"line":17,"column":12},"end":{"line":17,"column":42}},"8":{"start":{"line":20,"column":8},"end":{"line":20,"column":20}},"9":{"start":{"line":24,"column":19},"end":{"line":24,"column":21}},"10":{"start":{"line":26,"column":8},"end":{"line":30,"column":9}},"11":{"start":{"line":27,"column":12},"end":{"line":27,"column":122}},"12":{"start":{"line":29,"column":12},"end":{"line":29,"column":42}},"13":{"start":{"line":32,"column":8},"end":{"line":32,"column":20}},"14":{"start":{"line":36,"column":8},"end":{"line":40,"column":9}},"15":{"start":{"line":37,"column":12},"end":{"line":37,"column":74}},"16":{"start":{"line":39,"column":12},"end":{"line":39,"column":42}},"17":{"start":{"line":44,"column":8},"end":{"line":89,"column":9}},"18":{"start":{"line":45,"column":31},"end":{"line":45,"column":33}},"19":{"start":{"line":47,"column":12},"end":{"line":49,"column":13}},"20":{"start":{"line":48,"column":16},"end":{"line":48,"column":38}},"21":{"start":{"line":51,"column":12},"end":{"line":85,"column":13}},"22":{"start":{"line":52,"column":34},"end":{"line":80,"column":17}},"23":{"start":{"line":81,"column":16},"end":{"line":81,"column":33}},"24":{"start":{"line":83,"column":16},"end":{"line":83,"column":46}},"25":{"start":{"line":84,"column":16},"end":{"line":84,"column":26}},"26":{"start":{"line":87,"column":12},"end":{"line":87,"column":75}},"27":{"start":{"line":88,"column":12},"end":{"line":88,"column":22}},"28":{"start":{"line":93,"column":0},"end":{"line":93,"column":43}}},"fnMap":{"0":{"name":"(anonymous_0)","decl":{"start":{"line":7,"column":4},"end":{"line":7,"column":5}},"loc":{"start":{"line":7,"column":18},"end":{"line":9,"column":5}},"line":7},"1":{"name":"(anonymous_1)","decl":{"start":{"line":11,"column":4},"end":{"line":11,"column":5}},"loc":{"start":{"line":11,"column":33},"end":{"line":21,"column":5}},"line":11},"2":{"name":"(anonymous_2)","decl":{"start":{"line":23,"column":4},"end":{"line":23,"column":5}},"loc":{"start":{"line":23,"column":33},"end":{"line":33,"column":5}},"line":23},"3":{"name":"(anonymous_3)","decl":{"start":{"line":35,"column":4},"end":{"line":35,"column":5}},"loc":{"start":{"line":35,"column":41},"end":{"line":41,"column":5}},"line":35},"4":{"name":"(anonymous_4)","decl":{"start":{"line":43,"column":4},"end":{"line":43,"column":5}},"loc":{"start":{"line":43,"column":76},"end":{"line":90,"column":5}},"line":43}},"branchMap":{"0":{"loc":{"start":{"line":44,"column":8},"end":{"line":89,"column":9}},"type":"if","locations":[{"start":{"line":44,"column":8},"end":{"line":89,"column":9}},{"start":{"line":86,"column":15},"end":{"line":89,"column":9}}],"line":44},"1":{"loc":{"start":{"line":47,"column":12},"end":{"line":49,"column":13}},"type":"if","locations":[{"start":{"line":47,"column":12},"end":{"line":49,"column":13}},{"start":{},"end":{}}],"line":47},"2":{"loc":{"start":{"line":47,"column":16},"end":{"line":47,"column":93}},"type":"binary-expr","locations":[{"start":{"line":47,"column":16},"end":{"line":47,"column":42}},{"start":{"line":47,"column":46},"end":{"line":47,"column":67}},{"start":{"line":47,"column":71},"end":{"line":47,"column":93}}],"line":47}},"s":{"0":5,"1":5,"2":5,"3":5,"4":1,"5":1,"6":1,"7":0,"8":1,"9":1,"10":1,"11":1,"12":0,"13":1,"14":1,"15":1,"16":0,"17":2,"18":2,"19":2,"20":0,"21":2,"22":2,"23":2,"24":0,"25":0,"26":0,"27":0,"28":5},"f":{"0":5,"1":1,"2":1,"3":1,"4":2},"b":{"0":[2,0],"1":[0,2],"2":[2,2,2]},"_coverageSchema":"1a1c01bbd47fc00a2c39e90264f33305004495a9","hash":"f9296ab94294ccaa5191f38e485d08fc2902d91c"},"F:\\Homework\\Winter 2023\\COMP 4350\\Project\\WatchlistPlus\\api\\service\\recommendation.service.js":{"path":"F:\\Homework\\Winter 2023\\COMP 4350\\Project\\WatchlistPlus\\api\\service\\recommendation.service.js","statementMap":{"0":{"start":{"line":1,"column":33},"end":{"line":1,"column":83}},"1":{"start":{"line":5,"column":8},"end":{"line":5,"column":77}},"2":{"start":{"line":9,"column":24},"end":{"line":9,"column":109}},"3":{"start":{"line":12,"column":8},"end":{"line":20,"column":9}},"4":{"start":{"line":13,"column":12},"end":{"line":19,"column":16}},"5":{"start":{"line":13,"column":50},"end":{"line":19,"column":13}},"6":{"start":{"line":22,"column":8},"end":{"line":22,"column":31}},"7":{"start":{"line":26,"column":0},"end":{"line":26,"column":45}}},"fnMap":{"0":{"name":"(anonymous_0)","decl":{"start":{"line":4,"column":4},"end":{"line":4,"column":5}},"loc":{"start":{"line":4,"column":47},"end":{"line":6,"column":5}},"line":4},"1":{"name":"(anonymous_1)","decl":{"start":{"line":8,"column":4},"end":{"line":8,"column":5}},"loc":{"start":{"line":8,"column":65},"end":{"line":23,"column":5}},"line":8},"2":{"name":"(anonymous_2)","decl":{"start":{"line":13,"column":42},"end":{"line":13,"column":43}},"loc":{"start":{"line":13,"column":50},"end":{"line":19,"column":13}},"line":13}},"branchMap":{"0":{"loc":{"start":{"line":12,"column":8},"end":{"line":20,"column":9}},"type":"if","locations":[{"start":{"line":12,"column":8},"end":{"line":20,"column":9}},{"start":{},"end":{}}],"line":12}},"s":{"0":5,"1":1,"2":2,"3":2,"4":2,"5":2,"6":2,"7":5},"f":{"0":1,"1":2,"2":2},"b":{"0":[2,0]},"_coverageSchema":"1a1c01bbd47fc00a2c39e90264f33305004495a9","hash":"92bd14d7b1582bc69c6057f4ec4732229bd80206"},"F:\\Homework\\Winter 2023\\COMP 4350\\Project\\WatchlistPlus\\api\\service\\review.service.js":{"path":"F:\\Homework\\Winter 2023\\COMP 4350\\Project\\WatchlistPlus\\api\\service\\review.service.js","statementMap":{"0":{"start":{"line":1,"column":25},"end":{"line":1,"column":67}},"1":{"start":{"line":5,"column":8},"end":{"line":5,"column":53}},"2":{"start":{"line":9,"column":24},"end":{"line":9,"column":93}},"3":{"start":{"line":12,"column":8},"end":{"line":17,"column":9}},"4":{"start":{"line":13,"column":12},"end":{"line":16,"column":16}},"5":{"start":{"line":13,"column":42},"end":{"line":16,"column":13}},"6":{"start":{"line":19,"column":8},"end":{"line":19,"column":23}},"7":{"start":{"line":23,"column":0},"end":{"line":23,"column":37}}},"fnMap":{"0":{"name":"(anonymous_0)","decl":{"start":{"line":4,"column":4},"end":{"line":4,"column":5}},"loc":{"start":{"line":4,"column":31},"end":{"line":6,"column":5}},"line":4},"1":{"name":"(anonymous_1)","decl":{"start":{"line":8,"column":4},"end":{"line":8,"column":5}},"loc":{"start":{"line":8,"column":57},"end":{"line":20,"column":5}},"line":8},"2":{"name":"(anonymous_2)","decl":{"start":{"line":13,"column":34},"end":{"line":13,"column":35}},"loc":{"start":{"line":13,"column":42},"end":{"line":16,"column":13}},"line":13}},"branchMap":{"0":{"loc":{"start":{"line":12,"column":8},"end":{"line":17,"column":9}},"type":"if","locations":[{"start":{"line":12,"column":8},"end":{"line":17,"column":9}},{"start":{},"end":{}}],"line":12}},"s":{"0":5,"1":1,"2":1,"3":1,"4":1,"5":1,"6":1,"7":5},"f":{"0":1,"1":1,"2":1},"b":{"0":[1,0]},"_coverageSchema":"1a1c01bbd47fc00a2c39e90264f33305004495a9","hash":"a053bbafbca5ca3c1ad7d36442cb6bec62f76c80"},"F:\\Homework\\Winter 2023\\COMP 4350\\Project\\WatchlistPlus\\api\\service\\title.service.js":{"path":"F:\\Homework\\Winter 2023\\COMP 4350\\Project\\WatchlistPlus\\api\\service\\title.service.js","statementMap":{"0":{"start":{"line":1,"column":24},"end":{"line":1,"column":65}},"1":{"start":{"line":7,"column":8},"end":{"line":11,"column":9}},"2":{"start":{"line":8,"column":12},"end":{"line":8,"column":78}},"3":{"start":{"line":10,"column":12},"end":{"line":10,"column":67}},"4":{"start":{"line":13,"column":21},"end":{"line":13,"column":26}},"5":{"start":{"line":14,"column":25},"end":{"line":14,"column":30}},"6":{"start":{"line":17,"column":8},"end":{"line":19,"column":9}},"7":{"start":{"line":18,"column":12},"end":{"line":18,"column":26}},"8":{"start":{"line":20,"column":8},"end":{"line":24,"column":9}},"9":{"start":{"line":21,"column":12},"end":{"line":21,"column":30}},"10":{"start":{"line":22,"column":15},"end":{"line":24,"column":9}},"11":{"start":{"line":23,"column":12},"end":{"line":23,"column":30}},"12":{"start":{"line":26,"column":8},"end":{"line":26,"column":42}},"13":{"start":{"line":30,"column":24},"end":{"line":30,"column":102}},"14":{"start":{"line":32,"column":8},"end":{"line":37,"column":9}},"15":{"start":{"line":33,"column":12},"end":{"line":36,"column":20}},"16":{"start":{"line":34,"column":16},"end":{"line":36,"column":17}},"17":{"start":{"line":38,"column":8},"end":{"line":38,"column":22}},"18":{"start":{"line":42,"column":24},"end":{"line":42,"column":121}},"19":{"start":{"line":44,"column":8},"end":{"line":49,"column":9}},"20":{"start":{"line":45,"column":12},"end":{"line":48,"column":20}},"21":{"start":{"line":46,"column":16},"end":{"line":48,"column":17}},"22":{"start":{"line":50,"column":8},"end":{"line":50,"column":22}},"23":{"start":{"line":54,"column":0},"end":{"line":54,"column":36}}},"fnMap":{"0":{"name":"(anonymous_0)","decl":{"start":{"line":4,"column":4},"end":{"line":4,"column":5}},"loc":{"start":{"line":4,"column":48},"end":{"line":27,"column":5}},"line":4},"1":{"name":"(anonymous_1)","decl":{"start":{"line":29,"column":4},"end":{"line":29,"column":5}},"loc":{"start":{"line":29,"column":67},"end":{"line":39,"column":5}},"line":29},"2":{"name":"(anonymous_2)","decl":{"start":{"line":33,"column":33},"end":{"line":33,"column":34}},"loc":{"start":{"line":34,"column":16},"end":{"line":36,"column":17}},"line":34},"3":{"name":"(anonymous_3)","decl":{"start":{"line":41,"column":4},"end":{"line":41,"column":5}},"loc":{"start":{"line":41,"column":86},"end":{"line":51,"column":5}},"line":41},"4":{"name":"(anonymous_4)","decl":{"start":{"line":45,"column":33},"end":{"line":45,"column":34}},"loc":{"start":{"line":46,"column":16},"end":{"line":48,"column":17}},"line":46}},"branchMap":{"0":{"loc":{"start":{"line":7,"column":8},"end":{"line":11,"column":9}},"type":"if","locations":[{"start":{"line":7,"column":8},"end":{"line":11,"column":9}},{"start":{"line":9,"column":15},"end":{"line":11,"column":9}}],"line":7},"1":{"loc":{"start":{"line":7,"column":12},"end":{"line":7,"column":31}},"type":"binary-expr","locations":[{"start":{"line":7,"column":12},"end":{"line":7,"column":16}},{"start":{"line":7,"column":20},"end":{"line":7,"column":31}}],"line":7},"2":{"loc":{"start":{"line":17,"column":8},"end":{"line":19,"column":9}},"type":"if","locations":[{"start":{"line":17,"column":8},"end":{"line":19,"column":9}},{"start":{},"end":{}}],"line":17},"3":{"loc":{"start":{"line":17,"column":12},"end":{"line":17,"column":42}},"type":"binary-expr","locations":[{"start":{"line":17,"column":12},"end":{"line":17,"column":29}},{"start":{"line":17,"column":33},"end":{"line":17,"column":42}}],"line":17},"4":{"loc":{"start":{"line":20,"column":8},"end":{"line":24,"column":9}},"type":"if","locations":[{"start":{"line":20,"column":8},"end":{"line":24,"column":9}},{"start":{"line":22,"column":15},"end":{"line":24,"column":9}}],"line":20},"5":{"loc":{"start":{"line":22,"column":15},"end":{"line":24,"column":9}},"type":"if","locations":[{"start":{"line":22,"column":15},"end":{"line":24,"column":9}},{"start":{},"end":{}}],"line":22},"6":{"loc":{"start":{"line":22,"column":19},"end":{"line":22,"column":51}},"type":"binary-expr","locations":[{"start":{"line":22,"column":19},"end":{"line":22,"column":38}},{"start":{"line":22,"column":42},"end":{"line":22,"column":51}}],"line":22},"7":{"loc":{"start":{"line":32,"column":8},"end":{"line":37,"column":9}},"type":"if","locations":[{"start":{"line":32,"column":8},"end":{"line":37,"column":9}},{"start":{},"end":{}}],"line":32},"8":{"loc":{"start":{"line":44,"column":8},"end":{"line":49,"column":9}},"type":"if","locations":[{"start":{"line":44,"column":8},"end":{"line":49,"column":9}},{"start":{},"end":{}}],"line":44}},"s":{"0":5,"1":3,"2":1,"3":2,"4":3,"5":3,"6":3,"7":3,"8":3,"9":1,"10":2,"11":2,"12":3,"13":1,"14":1,"15":1,"16":50,"17":1,"18":1,"19":1,"20":1,"21":50,"22":1,"23":5},"f":{"0":3,"1":1,"2":50,"3":1,"4":50},"b":{"0":[1,2],"1":[3,1],"2":[3,0],"3":[3,3],"4":[1,2],"5":[2,0],"6":[2,2],"7":[1,0],"8":[1,0]},"_coverageSchema":"1a1c01bbd47fc00a2c39e90264f33305004495a9","hash":"ba82eae7ff4f793b5c2cce667a6102dc28e50ee2"},"F:\\Homework\\Winter 2023\\COMP 4350\\Project\\WatchlistPlus\\api\\service\\user.service.js":{"path":"F:\\Homework\\Winter 2023\\COMP 4350\\Project\\WatchlistPlus\\api\\service\\user.service.js","statementMap":{"0":{"start":{"line":1,"column":23},"end":{"line":1,"column":63}},"1":{"start":{"line":5,"column":27},"end":{"line":5,"column":75}},"2":{"start":{"line":7,"column":8},"end":{"line":7,"column":55}},"3":{"start":{"line":11,"column":25},"end":{"line":11,"column":29}},"4":{"start":{"line":13,"column":8},"end":{"line":15,"column":9}},"5":{"start":{"line":14,"column":12},"end":{"line":14,"column":68}},"6":{"start":{"line":17,"column":8},"end":{"line":17,"column":52}},"7":{"start":{"line":21,"column":25},"end":{"line":21,"column":29}},"8":{"start":{"line":23,"column":8},"end":{"line":25,"column":9}},"9":{"start":{"line":24,"column":12},"end":{"line":24,"column":68}},"10":{"start":{"line":27,"column":28},"end":{"line":27,"column":47}},"11":{"start":{"line":28,"column":29},"end":{"line":28,"column":33}},"12":{"start":{"line":30,"column":8},"end":{"line":32,"column":9}},"13":{"start":{"line":31,"column":12},"end":{"line":31,"column":64}},"14":{"start":{"line":34,"column":19},"end":{"line":34,"column":23}},"15":{"start":{"line":35,"column":8},"end":{"line":37,"column":9}},"16":{"start":{"line":36,"column":12},"end":{"line":36,"column":72}},"17":{"start":{"line":39,"column":8},"end":{"line":39,"column":52}},"18":{"start":{"line":43,"column":8},"end":{"line":43,"column":47}},"19":{"start":{"line":47,"column":8},"end":{"line":47,"column":50}},"20":{"start":{"line":51,"column":0},"end":{"line":51,"column":35}}},"fnMap":{"0":{"name":"(anonymous_0)","decl":{"start":{"line":4,"column":4},"end":{"line":4,"column":5}},"loc":{"start":{"line":4,"column":35},"end":{"line":8,"column":5}},"line":4},"1":{"name":"(anonymous_1)","decl":{"start":{"line":10,"column":4},"end":{"line":10,"column":5}},"loc":{"start":{"line":10,"column":29},"end":{"line":18,"column":5}},"line":10},"2":{"name":"(anonymous_2)","decl":{"start":{"line":20,"column":4},"end":{"line":20,"column":5}},"loc":{"start":{"line":20,"column":38},"end":{"line":40,"column":5}},"line":20},"3":{"name":"(anonymous_3)","decl":{"start":{"line":42,"column":4},"end":{"line":42,"column":5}},"loc":{"start":{"line":42,"column":27},"end":{"line":44,"column":5}},"line":42}},"branchMap":{"0":{"loc":{"start":{"line":13,"column":8},"end":{"line":15,"column":9}},"type":"if","locations":[{"start":{"line":13,"column":8},"end":{"line":15,"column":9}},{"start":{},"end":{}}],"line":13},"1":{"loc":{"start":{"line":23,"column":8},"end":{"line":25,"column":9}},"type":"if","locations":[{"start":{"line":23,"column":8},"end":{"line":25,"column":9}},{"start":{},"end":{}}],"line":23},"2":{"loc":{"start":{"line":30,"column":8},"end":{"line":32,"column":9}},"type":"if","locations":[{"start":{"line":30,"column":8},"end":{"line":32,"column":9}},{"start":{},"end":{}}],"line":30},"3":{"loc":{"start":{"line":35,"column":8},"end":{"line":37,"column":9}},"type":"if","locations":[{"start":{"line":35,"column":8},"end":{"line":37,"column":9}},{"start":{},"end":{}}],"line":35},"4":{"loc":{"start":{"line":35,"column":12},"end":{"line":35,"column":40}},"type":"binary-expr","locations":[{"start":{"line":35,"column":12},"end":{"line":35,"column":22}},{"start":{"line":35,"column":26},"end":{"line":35,"column":40}}],"line":35}},"s":{"0":6,"1":0,"2":0,"3":3,"4":3,"5":2,"6":3,"7":3,"8":3,"9":3,"10":3,"11":3,"12":3,"13":3,"14":3,"15":3,"16":2,"17":3,"18":1,"19":6,"20":6},"f":{"0":0,"1":3,"2":3,"3":1},"b":{"0":[2,1],"1":[3,0],"2":[3,0],"3":[2,1],"4":[3,3]},"_coverageSchema":"1a1c01bbd47fc00a2c39e90264f33305004495a9","hash":"fe849ba8404678f3a919c77ca752d494672c0d59"},"F:\\Homework\\Winter 2023\\COMP 4350\\Project\\WatchlistPlus\\api\\service\\watchlist.service.js":{"path":"F:\\Homework\\Winter 2023\\COMP 4350\\Project\\WatchlistPlus\\api\\service\\watchlist.service.js","statementMap":{"0":{"start":{"line":1,"column":28},"end":{"line":1,"column":73}},"1":{"start":{"line":5,"column":8},"end":{"line":5,"column":58}},"2":{"start":{"line":9,"column":8},"end":{"line":9,"column":58}},"3":{"start":{"line":13,"column":8},"end":{"line":13,"column":65}},"4":{"start":{"line":17,"column":24},"end":{"line":17,"column":115}},"5":{"start":{"line":19,"column":8},"end":{"line":35,"column":9}},"6":{"start":{"line":20,"column":12},"end":{"line":34,"column":16}},"7":{"start":{"line":20,"column":42},"end":{"line":34,"column":13}},"8":{"start":{"line":36,"column":8},"end":{"line":36,"column":23}},"9":{"start":{"line":40,"column":0},"end":{"line":40,"column":40}}},"fnMap":{"0":{"name":"(anonymous_0)","decl":{"start":{"line":4,"column":4},"end":{"line":4,"column":5}},"loc":{"start":{"line":4,"column":33},"end":{"line":6,"column":5}},"line":4},"1":{"name":"(anonymous_1)","decl":{"start":{"line":8,"column":4},"end":{"line":8,"column":5}},"loc":{"start":{"line":8,"column":33},"end":{"line":10,"column":5}},"line":8},"2":{"name":"(anonymous_2)","decl":{"start":{"line":12,"column":4},"end":{"line":12,"column":5}},"loc":{"start":{"line":12,"column":41},"end":{"line":14,"column":5}},"line":12},"3":{"name":"(anonymous_3)","decl":{"start":{"line":16,"column":4},"end":{"line":16,"column":5}},"loc":{"start":{"line":16,"column":76},"end":{"line":37,"column":5}},"line":16},"4":{"name":"(anonymous_4)","decl":{"start":{"line":20,"column":34},"end":{"line":20,"column":35}},"loc":{"start":{"line":20,"column":42},"end":{"line":34,"column":13}},"line":20}},"branchMap":{"0":{"loc":{"start":{"line":19,"column":8},"end":{"line":35,"column":9}},"type":"if","locations":[{"start":{"line":19,"column":8},"end":{"line":35,"column":9}},{"start":{},"end":{}}],"line":19}},"s":{"0":5,"1":1,"2":1,"3":1,"4":2,"5":2,"6":2,"7":1,"8":2,"9":5},"f":{"0":1,"1":1,"2":1,"3":2,"4":1},"b":{"0":[2,0]},"_coverageSchema":"1a1c01bbd47fc00a2c39e90264f33305004495a9","hash":"370c32c90438130f99c85dfd4a438062146f4051"}}